<?xml version="1.0" encoding="UTF-8"?>
<!DOCTYPE html PUBLIC "-//W3C//DTD XHTML 1.0 Strict//EN" "http://www.w3.org/TR/xhtml1/DTD/xhtml1-strict.dtd">
<html xmlns="http://www.w3.org/1999/xhtml">
<head>
    <title>汇配通Android APP 回归测试报告</title>
    <meta name="generator" content="HTMLTestRunner 0.8.2"/>
    <meta http-equiv="Content-Type" content="text/html; charset=UTF-8"/>
    
<style type="text/css" media="screen">
body        { font-family: verdana, arial, helvetica, sans-serif; font-size: 80%; }
table       { font-size: 100%; }
pre         { word-wrap: break-word; word-break: break-all; overflow: auto; }

/* -- heading ---------------------------------------------------------------------- */
h1 {
	font-size: 16pt;
	color: gray;
}
.heading {
    margin-top: 0ex;
    margin-bottom: 1ex;
}

.heading .attribute {
    margin-top: 1ex;
    margin-bottom: 0;
}

.heading .description {
    margin-top: 4ex;
    margin-bottom: 6ex;
}

/* -- css div popup ------------------------------------------------------------------------ */
a.popup_link {
}

a.popup_link:hover {
    color: red;
}

.popup_window {
    display: none;
    position: relative;
    left: 0px;
    top: 0px;
    /*border: solid #627173 1px; */
    padding: 10px;
    background-color: #E6E6D6;
    font-family: "Lucida Console", "Courier New", Courier, monospace;
    text-align: left;
    font-size: 8pt;
    width: 500px;
}

}
/* -- report ------------------------------------------------------------------------ */
#show_detail_line {
    margin-top: 3ex;
    margin-bottom: 1ex;
}
#result_table {
    width: 80%;
    border-collapse: collapse;
    border: 1px solid #777;
}
#header_row {
    font-weight: bold;
    color: white;
    background-color: #777;
}
#result_table td {
    border: 1px solid #777;
    padding: 2px;
}
#total_row  { font-weight: bold; }
.passClass  { background-color: #6c6; }
.failClass  { background-color: #c60; }
.errorClass { background-color: #c00; }
.passCase   { color: #6c6; }
.failCase   { color: #c60; font-weight: bold; }
.errorCase  { color: #c00; font-weight: bold; }
.hiddenRow  { display: none; }
.testcase   { margin-left: 2em; }


/* -- ending ---------------------------------------------------------------------- */
#ending {
}

</style>

</head>
<body>
<script language="javascript" type="text/javascript"><!--
output_list = Array();

/* level - 0:Summary; 1:Failed; 2:All */
function showCase(level) {
    trs = document.getElementsByTagName("tr");
    for (var i = 0; i < trs.length; i++) {
        tr = trs[i];
        id = tr.id;
        if (id.substr(0,2) == 'ft') {
            if (level < 1) {
                tr.className = 'hiddenRow';
            }
            else {
                tr.className = '';
            }
        }
        if (id.substr(0,2) == 'pt') {
            if (level > 1) {
                tr.className = '';
            }
            else {
                tr.className = 'hiddenRow';
            }
        }
    }
}


function showClassDetail(cid, count) {
    var id_list = Array(count);
    var toHide = 1;
    for (var i = 0; i < count; i++) {
        tid0 = 't' + cid.substr(1) + '.' + (i+1);
        tid = 'f' + tid0;
        tr = document.getElementById(tid);
        if (!tr) {
            tid = 'p' + tid0;
            tr = document.getElementById(tid);
        }
        id_list[i] = tid;
        if (tr.className) {
            toHide = 0;
        }
    }
    for (var i = 0; i < count; i++) {
        tid = id_list[i];
        if (toHide) {
            document.getElementById('div_'+tid).style.display = 'none'
            document.getElementById(tid).className = 'hiddenRow';
        }
        else {
            document.getElementById(tid).className = '';
        }
    }
}


function showTestDetail(div_id){
    var details_div = document.getElementById(div_id)
    var displayState = details_div.style.display
    // alert(displayState)
    if (displayState != 'block' ) {
        displayState = 'block'
        details_div.style.display = 'block'
    }
    else {
        details_div.style.display = 'none'
    }
}


function html_escape(s) {
    s = s.replace(/&/g,'&amp;');
    s = s.replace(/</g,'&lt;');
    s = s.replace(/>/g,'&gt;');
    return s;
}

/* obsoleted by detail in <div>
function showOutput(id, name) {
    var w = window.open("", //url
                    name,
                    "resizable,scrollbars,status,width=800,height=450");
    d = w.document;
    d.write("<pre>");
    d.write(html_escape(output_list[id]));
    d.write("\n");
    d.write("<a href='javascript:window.close()'>close</a>\n");
    d.write("</pre>\n");
    d.close();
}
*/
--></script>

<div class='heading'>
<h1>汇配通Android APP 回归测试报告</h1>
<p class='attribute'><strong>Start Time:</strong> 2016-09-29 14:18:15</p>
<p class='attribute'><strong>Duration:</strong> 0:23:50.399137</p>
<p class='attribute'><strong>Status:</strong> Pass 22 Failure 1 Error 37</p>

<p class='description'>汇配通Android APP 回归测试报告</p>
</div>



<p id='show_detail_line'>Show
<a href='javascript:showCase(0)'>Summary</a>
<a href='javascript:showCase(1)'>Failed</a>
<a href='javascript:showCase(2)'>All</a>
</p>
<table id='result_table'>
<colgroup>
<col align='left' />
<col align='right' />
<col align='right' />
<col align='right' />
<col align='right' />
<col align='right' />
</colgroup>
<tr id='header_row'>
    <td>Test Group/Test case</td>
    <td>Count</td>
    <td>Pass</td>
    <td>Fail</td>
    <td>Error</td>
    <td>View</td>
    <td>Screenshot</td>

</tr>

<tr class='errorClass'>
    <td>testcase.test2_orderpage.TestOrderPage</td>
    <td>4</td>
    <td>1</td>
    <td>1</td>
    <td>2</td>
    <td><a href="javascript:showClassDetail('c1',4)">Detail</a></td>
    <td>&nbsp;</td>
</tr>

<tr id='ft1.1' class='none'>
    <td class='failCase'><div class='testcase'>test_KeepListShopCarAdd: 进入常购清单——添加购物车</div></td>
    <td colspan='5' align='center'>

    <!--css div popup start-->
    <a class="popup_link" onfocus='this.blur();' href="javascript:showTestDetail('div_ft1.1')" >
        fail</a>

    <div id='div_ft1.1' class="popup_window">
        <div style='text-align: right; color:red;cursor:pointer'>
        <a onfocus='this.blur();' onclick="document.getElementById('div_ft1.1').style.display = 'none' " >
           [x]</a>
        </div>
        <pre>
        
ft1.1: Traceback (most recent call last):
  File "G:\huipeitongUI\testcase\test2_orderpage.py", line 373, in test_KeepListShopCarAdd
    self.myassert.assertt(nums==2,'添加购物车失败')
  File "G:\huipeitongUI\assection\assection.py", line 12, in assertt
    self.assertTrue(loc, self.driver, errorinfo)
AssertionError: False is not true
 : 添加购物车失败
Traceback (most recent call last):
  File "G:\huipeitongUI\testcase\test2_orderpage.py", line 373, in test_KeepListShopCarAdd
    self.myassert.assertt(nums==2,'添加购物车失败')
  File "G:\huipeitongUI\assection\assection.py", line 12, in assertt
    self.assertTrue(loc, self.driver, errorinfo)
AssertionError: False is not true
 : 添加购物车失败


        </pre>
    </div>
    <!--css div popup end-->

    </td>
    <td align='center'>
    <a target="_blank" href="http://192.168.100.23:8081/screenshot/16-09-29_14_19_02.png" title="http://192.168.100.23:8081/screenshot/16-09-29_14_19_02.png ">
    <img src="..\img.png" height=15 width=15 border=0 /></a>
    </td>
</tr>

<tr id='pt1.2' class='hiddenRow'>
    <td class='none'><div class='testcase'>test_CheckGoodsDetails: 从商品列表进入商品详情页面</div></td>
    <td colspan='5' align='center'>pass</td>
    <td></td>
</tr>

<tr id='ft1.3' class='none'>
    <td class='errorCase'><div class='testcase'>test_GoodsDetailsShopCarAdds: 从商品详情页进入购物车页面(购物车不为空)</div></td>
    <td colspan='5' align='center'>

    <!--css div popup start-->
    <a class="popup_link" onfocus='this.blur();' href="javascript:showTestDetail('div_ft1.3')" >
        error</a>

    <div id='div_ft1.3' class="popup_window">
        <div style='text-align: right; color:red;cursor:pointer'>
        <a onfocus='this.blur();' onclick="document.getElementById('div_ft1.3').style.display = 'none' " >
           [x]</a>
        </div>
        <pre>
        
ft1.3: Traceback (most recent call last):
  File "G:\huipeitongUI\testcase\test2_orderpage.py", line 329, in test_GoodsDetailsShopCarAdds
    self.first.click_add()
  File "G:\huipeitongUI\po\firstpage.py", line 227, in click_add
    self.find_element(self.add).click()
  File "G:\huipeitongUI\po\basepage.py", line 15, in find_element
    return self._mydriver.find_element(loc[0],loc[1])
  File "C:\python35\lib\site-packages\selenium\webdriver\remote\webdriver.py", line 752, in find_element
    'value': value})['value']
  File "C:\python35\lib\site-packages\selenium\webdriver\remote\webdriver.py", line 236, in execute
    self.error_handler.check_response(response)
  File "C:\python35\lib\site-packages\appium\webdriver\errorhandler.py", line 29, in check_response
    raise wde
  File "C:\python35\lib\site-packages\appium\webdriver\errorhandler.py", line 24, in check_response
    super(MobileErrorHandler, self).check_response(response)
  File "C:\python35\lib\site-packages\selenium\webdriver\remote\errorhandler.py", line 192, in check_response
    raise exception_class(message, screen, stacktrace)
selenium.common.exceptions.NoSuchElementException: Message: An element could not be located on the page using the given search parameters.

Traceback (most recent call last):
  File "G:\huipeitongUI\testcase\test2_orderpage.py", line 329, in test_GoodsDetailsShopCarAdds
    self.first.click_add()
  File "G:\huipeitongUI\po\firstpage.py", line 227, in click_add
    self.find_element(self.add).click()
  File "G:\huipeitongUI\po\basepage.py", line 15, in find_element
    return self._mydriver.find_element(loc[0],loc[1])
  File "C:\python35\lib\site-packages\selenium\webdriver\remote\webdriver.py", line 752, in find_element
    'value': value})['value']
  File "C:\python35\lib\site-packages\selenium\webdriver\remote\webdriver.py", line 236, in execute
    self.error_handler.check_response(response)
  File "C:\python35\lib\site-packages\appium\webdriver\errorhandler.py", line 29, in check_response
    raise wde
  File "C:\python35\lib\site-packages\appium\webdriver\errorhandler.py", line 24, in check_response
    super(MobileErrorHandler, self).check_response(response)
  File "C:\python35\lib\site-packages\selenium\webdriver\remote\errorhandler.py", line 192, in check_response
    raise exception_class(message, screen, stacktrace)
selenium.common.exceptions.NoSuchElementException: Message: An element could not be located on the page using the given search parameters.



        </pre>
    </div>
    <!--css div popup end-->

    </td>
    <td align='center'>
    <a target="_blank" href="" title=" ">
    <img src="..\img.png" height=15 width=15 border=0 /></a>
    </td>
</tr>

<tr id='ft1.4' class='none'>
    <td class='errorCase'><div class='testcase'>test_GoodsdetailsShopCarAdd: 从商品详情页添加商品至加入购物车</div></td>
    <td colspan='5' align='center'>

    <!--css div popup start-->
    <a class="popup_link" onfocus='this.blur();' href="javascript:showTestDetail('div_ft1.4')" >
        error</a>

    <div id='div_ft1.4' class="popup_window">
        <div style='text-align: right; color:red;cursor:pointer'>
        <a onfocus='this.blur();' onclick="document.getElementById('div_ft1.4').style.display = 'none' " >
           [x]</a>
        </div>
        <pre>
        
ft1.4: Traceback (most recent call last):
  File "G:\huipeitongUI\testcase\test2_orderpage.py", line 293, in test_GoodsdetailsShopCarAdd
    self.first.click_add()
  File "G:\huipeitongUI\po\firstpage.py", line 227, in click_add
    self.find_element(self.add).click()
  File "G:\huipeitongUI\po\basepage.py", line 15, in find_element
    return self._mydriver.find_element(loc[0],loc[1])
  File "C:\python35\lib\site-packages\selenium\webdriver\remote\webdriver.py", line 752, in find_element
    'value': value})['value']
  File "C:\python35\lib\site-packages\selenium\webdriver\remote\webdriver.py", line 236, in execute
    self.error_handler.check_response(response)
  File "C:\python35\lib\site-packages\appium\webdriver\errorhandler.py", line 29, in check_response
    raise wde
  File "C:\python35\lib\site-packages\appium\webdriver\errorhandler.py", line 24, in check_response
    super(MobileErrorHandler, self).check_response(response)
  File "C:\python35\lib\site-packages\selenium\webdriver\remote\errorhandler.py", line 192, in check_response
    raise exception_class(message, screen, stacktrace)
selenium.common.exceptions.NoSuchElementException: Message: An element could not be located on the page using the given search parameters.

Traceback (most recent call last):
  File "G:\huipeitongUI\testcase\test2_orderpage.py", line 293, in test_GoodsdetailsShopCarAdd
    self.first.click_add()
  File "G:\huipeitongUI\po\firstpage.py", line 227, in click_add
    self.find_element(self.add).click()
  File "G:\huipeitongUI\po\basepage.py", line 15, in find_element
    return self._mydriver.find_element(loc[0],loc[1])
  File "C:\python35\lib\site-packages\selenium\webdriver\remote\webdriver.py", line 752, in find_element
    'value': value})['value']
  File "C:\python35\lib\site-packages\selenium\webdriver\remote\webdriver.py", line 236, in execute
    self.error_handler.check_response(response)
  File "C:\python35\lib\site-packages\appium\webdriver\errorhandler.py", line 29, in check_response
    raise wde
  File "C:\python35\lib\site-packages\appium\webdriver\errorhandler.py", line 24, in check_response
    super(MobileErrorHandler, self).check_response(response)
  File "C:\python35\lib\site-packages\selenium\webdriver\remote\errorhandler.py", line 192, in check_response
    raise exception_class(message, screen, stacktrace)
selenium.common.exceptions.NoSuchElementException: Message: An element could not be located on the page using the given search parameters.



        </pre>
    </div>
    <!--css div popup end-->

    </td>
    <td align='center'>
    <a target="_blank" href="" title=" ">
    <img src="..\img.png" height=15 width=15 border=0 /></a>
    </td>
</tr>

<tr class='errorClass'>
    <td>testcase.test1_firstpage.TestFirstPage</td>
    <td>40</td>
    <td>21</td>
    <td>0</td>
    <td>19</td>
    <td><a href="javascript:showClassDetail('c2',40)">Detail</a></td>
    <td>&nbsp;</td>
</tr>

<tr id='pt2.1' class='hiddenRow'>
    <td class='none'><div class='testcase'>test_1Login: 使用手机号密码登录</div></td>
    <td colspan='5' align='center'>pass</td>
    <td></td>
</tr>

<tr id='pt2.2' class='hiddenRow'>
    <td class='none'><div class='testcase'>test_CommingMsgCenter_sysnotice: 进入消息中心页面-系统通知</div></td>
    <td colspan='5' align='center'>pass</td>
    <td></td>
</tr>

<tr id='ft2.3' class='none'>
    <td class='errorCase'><div class='testcase'>test_1Login: 使用手机号密码登录</div></td>
    <td colspan='5' align='center'>

    <!--css div popup start-->
    <a class="popup_link" onfocus='this.blur();' href="javascript:showTestDetail('div_ft2.3')" >
        error</a>

    <div id='div_ft2.3' class="popup_window">
        <div style='text-align: right; color:red;cursor:pointer'>
        <a onfocus='this.blur();' onclick="document.getElementById('div_ft2.3').style.display = 'none' " >
           [x]</a>
        </div>
        <pre>
        
ft2.3: Traceback (most recent call last):
  File "G:\huipeitongUI\testcase\test1_firstpage.py", line 58, in test_1Login
    self.driver.find_element('name', '立即体验').click()
  File "C:\python35\lib\site-packages\selenium\webdriver\remote\webdriver.py", line 752, in find_element
    'value': value})['value']
  File "C:\python35\lib\site-packages\selenium\webdriver\remote\webdriver.py", line 236, in execute
    self.error_handler.check_response(response)
  File "C:\python35\lib\site-packages\appium\webdriver\errorhandler.py", line 29, in check_response
    raise wde
  File "C:\python35\lib\site-packages\appium\webdriver\errorhandler.py", line 24, in check_response
    super(MobileErrorHandler, self).check_response(response)
  File "C:\python35\lib\site-packages\selenium\webdriver\remote\errorhandler.py", line 192, in check_response
    raise exception_class(message, screen, stacktrace)
selenium.common.exceptions.NoSuchElementException: Message: An element could not be located on the page using the given search parameters.

Traceback (most recent call last):
  File "G:\huipeitongUI\testcase\test1_firstpage.py", line 58, in test_1Login
    self.driver.find_element('name', '立即体验').click()
  File "C:\python35\lib\site-packages\selenium\webdriver\remote\webdriver.py", line 752, in find_element
    'value': value})['value']
  File "C:\python35\lib\site-packages\selenium\webdriver\remote\webdriver.py", line 236, in execute
    self.error_handler.check_response(response)
  File "C:\python35\lib\site-packages\appium\webdriver\errorhandler.py", line 29, in check_response
    raise wde
  File "C:\python35\lib\site-packages\appium\webdriver\errorhandler.py", line 24, in check_response
    super(MobileErrorHandler, self).check_response(response)
  File "C:\python35\lib\site-packages\selenium\webdriver\remote\errorhandler.py", line 192, in check_response
    raise exception_class(message, screen, stacktrace)
selenium.common.exceptions.NoSuchElementException: Message: An element could not be located on the page using the given search parameters.



        </pre>
    </div>
    <!--css div popup end-->

    </td>
    <td align='center'>
    <a target="_blank" href="" title=" ">
    <img src="..\img.png" height=15 width=15 border=0 /></a>
    </td>
</tr>

<tr id='pt2.4' class='hiddenRow'>
    <td class='none'><div class='testcase'>test_CommingMsgCenter_sysnotice: 进入消息中心页面-系统通知</div></td>
    <td colspan='5' align='center'>pass</td>
    <td></td>
</tr>

<tr id='ft2.5' class='none'>
    <td class='errorCase'><div class='testcase'>test_1Login: 使用手机号密码登录</div></td>
    <td colspan='5' align='center'>

    <!--css div popup start-->
    <a class="popup_link" onfocus='this.blur();' href="javascript:showTestDetail('div_ft2.5')" >
        error</a>

    <div id='div_ft2.5' class="popup_window">
        <div style='text-align: right; color:red;cursor:pointer'>
        <a onfocus='this.blur();' onclick="document.getElementById('div_ft2.5').style.display = 'none' " >
           [x]</a>
        </div>
        <pre>
        
ft2.5: Traceback (most recent call last):
  File "G:\huipeitongUI\testcase\test1_firstpage.py", line 58, in test_1Login
    self.driver.find_element('name', '立即体验').click()
  File "C:\python35\lib\site-packages\selenium\webdriver\remote\webdriver.py", line 752, in find_element
    'value': value})['value']
  File "C:\python35\lib\site-packages\selenium\webdriver\remote\webdriver.py", line 236, in execute
    self.error_handler.check_response(response)
  File "C:\python35\lib\site-packages\appium\webdriver\errorhandler.py", line 29, in check_response
    raise wde
  File "C:\python35\lib\site-packages\appium\webdriver\errorhandler.py", line 24, in check_response
    super(MobileErrorHandler, self).check_response(response)
  File "C:\python35\lib\site-packages\selenium\webdriver\remote\errorhandler.py", line 192, in check_response
    raise exception_class(message, screen, stacktrace)
selenium.common.exceptions.NoSuchElementException: Message: An element could not be located on the page using the given search parameters.

Traceback (most recent call last):
  File "G:\huipeitongUI\testcase\test1_firstpage.py", line 58, in test_1Login
    self.driver.find_element('name', '立即体验').click()
  File "C:\python35\lib\site-packages\selenium\webdriver\remote\webdriver.py", line 752, in find_element
    'value': value})['value']
  File "C:\python35\lib\site-packages\selenium\webdriver\remote\webdriver.py", line 236, in execute
    self.error_handler.check_response(response)
  File "C:\python35\lib\site-packages\appium\webdriver\errorhandler.py", line 29, in check_response
    raise wde
  File "C:\python35\lib\site-packages\appium\webdriver\errorhandler.py", line 24, in check_response
    super(MobileErrorHandler, self).check_response(response)
  File "C:\python35\lib\site-packages\selenium\webdriver\remote\errorhandler.py", line 192, in check_response
    raise exception_class(message, screen, stacktrace)
selenium.common.exceptions.NoSuchElementException: Message: An element could not be located on the page using the given search parameters.



        </pre>
    </div>
    <!--css div popup end-->

    </td>
    <td align='center'>
    <a target="_blank" href="" title=" ">
    <img src="..\img.png" height=15 width=15 border=0 /></a>
    </td>
</tr>

<tr id='pt2.6' class='hiddenRow'>
    <td class='none'><div class='testcase'>test_CommingRollCenter: 进入领卷中心--我的优惠卷页面</div></td>
    <td colspan='5' align='center'>pass</td>
    <td></td>
</tr>

<tr id='ft2.7' class='none'>
    <td class='errorCase'><div class='testcase'>test_1Login: 使用手机号密码登录</div></td>
    <td colspan='5' align='center'>

    <!--css div popup start-->
    <a class="popup_link" onfocus='this.blur();' href="javascript:showTestDetail('div_ft2.7')" >
        error</a>

    <div id='div_ft2.7' class="popup_window">
        <div style='text-align: right; color:red;cursor:pointer'>
        <a onfocus='this.blur();' onclick="document.getElementById('div_ft2.7').style.display = 'none' " >
           [x]</a>
        </div>
        <pre>
        
ft2.7: Traceback (most recent call last):
  File "G:\huipeitongUI\testcase\test1_firstpage.py", line 58, in test_1Login
    self.driver.find_element('name', '立即体验').click()
  File "C:\python35\lib\site-packages\selenium\webdriver\remote\webdriver.py", line 752, in find_element
    'value': value})['value']
  File "C:\python35\lib\site-packages\selenium\webdriver\remote\webdriver.py", line 236, in execute
    self.error_handler.check_response(response)
  File "C:\python35\lib\site-packages\appium\webdriver\errorhandler.py", line 29, in check_response
    raise wde
  File "C:\python35\lib\site-packages\appium\webdriver\errorhandler.py", line 24, in check_response
    super(MobileErrorHandler, self).check_response(response)
  File "C:\python35\lib\site-packages\selenium\webdriver\remote\errorhandler.py", line 192, in check_response
    raise exception_class(message, screen, stacktrace)
selenium.common.exceptions.NoSuchElementException: Message: An element could not be located on the page using the given search parameters.

Traceback (most recent call last):
  File "G:\huipeitongUI\testcase\test1_firstpage.py", line 58, in test_1Login
    self.driver.find_element('name', '立即体验').click()
  File "C:\python35\lib\site-packages\selenium\webdriver\remote\webdriver.py", line 752, in find_element
    'value': value})['value']
  File "C:\python35\lib\site-packages\selenium\webdriver\remote\webdriver.py", line 236, in execute
    self.error_handler.check_response(response)
  File "C:\python35\lib\site-packages\appium\webdriver\errorhandler.py", line 29, in check_response
    raise wde
  File "C:\python35\lib\site-packages\appium\webdriver\errorhandler.py", line 24, in check_response
    super(MobileErrorHandler, self).check_response(response)
  File "C:\python35\lib\site-packages\selenium\webdriver\remote\errorhandler.py", line 192, in check_response
    raise exception_class(message, screen, stacktrace)
selenium.common.exceptions.NoSuchElementException: Message: An element could not be located on the page using the given search parameters.



        </pre>
    </div>
    <!--css div popup end-->

    </td>
    <td align='center'>
    <a target="_blank" href="" title=" ">
    <img src="..\img.png" height=15 width=15 border=0 /></a>
    </td>
</tr>

<tr id='pt2.8' class='hiddenRow'>
    <td class='none'><div class='testcase'>test_CommingRollCenter: 进入领卷中心--我的优惠卷页面</div></td>
    <td colspan='5' align='center'>pass</td>
    <td></td>
</tr>

<tr id='ft2.9' class='none'>
    <td class='errorCase'><div class='testcase'>test_1Login: 使用手机号密码登录</div></td>
    <td colspan='5' align='center'>

    <!--css div popup start-->
    <a class="popup_link" onfocus='this.blur();' href="javascript:showTestDetail('div_ft2.9')" >
        error</a>

    <div id='div_ft2.9' class="popup_window">
        <div style='text-align: right; color:red;cursor:pointer'>
        <a onfocus='this.blur();' onclick="document.getElementById('div_ft2.9').style.display = 'none' " >
           [x]</a>
        </div>
        <pre>
        
ft2.9: Traceback (most recent call last):
  File "G:\huipeitongUI\testcase\test1_firstpage.py", line 58, in test_1Login
    self.driver.find_element('name', '立即体验').click()
  File "C:\python35\lib\site-packages\selenium\webdriver\remote\webdriver.py", line 752, in find_element
    'value': value})['value']
  File "C:\python35\lib\site-packages\selenium\webdriver\remote\webdriver.py", line 236, in execute
    self.error_handler.check_response(response)
  File "C:\python35\lib\site-packages\appium\webdriver\errorhandler.py", line 29, in check_response
    raise wde
  File "C:\python35\lib\site-packages\appium\webdriver\errorhandler.py", line 24, in check_response
    super(MobileErrorHandler, self).check_response(response)
  File "C:\python35\lib\site-packages\selenium\webdriver\remote\errorhandler.py", line 192, in check_response
    raise exception_class(message, screen, stacktrace)
selenium.common.exceptions.NoSuchElementException: Message: An element could not be located on the page using the given search parameters.

Traceback (most recent call last):
  File "G:\huipeitongUI\testcase\test1_firstpage.py", line 58, in test_1Login
    self.driver.find_element('name', '立即体验').click()
  File "C:\python35\lib\site-packages\selenium\webdriver\remote\webdriver.py", line 752, in find_element
    'value': value})['value']
  File "C:\python35\lib\site-packages\selenium\webdriver\remote\webdriver.py", line 236, in execute
    self.error_handler.check_response(response)
  File "C:\python35\lib\site-packages\appium\webdriver\errorhandler.py", line 29, in check_response
    raise wde
  File "C:\python35\lib\site-packages\appium\webdriver\errorhandler.py", line 24, in check_response
    super(MobileErrorHandler, self).check_response(response)
  File "C:\python35\lib\site-packages\selenium\webdriver\remote\errorhandler.py", line 192, in check_response
    raise exception_class(message, screen, stacktrace)
selenium.common.exceptions.NoSuchElementException: Message: An element could not be located on the page using the given search parameters.



        </pre>
    </div>
    <!--css div popup end-->

    </td>
    <td align='center'>
    <a target="_blank" href="" title=" ">
    <img src="..\img.png" height=15 width=15 border=0 /></a>
    </td>
</tr>

<tr id='pt2.10' class='hiddenRow'>
    <td class='none'><div class='testcase'>test_RollCenterH5: 查看领卷中心--品牌现金卷</div></td>
    <td colspan='5' align='center'>pass</td>
    <td></td>
</tr>

<tr id='ft2.11' class='none'>
    <td class='errorCase'><div class='testcase'>test_1Login: 使用手机号密码登录</div></td>
    <td colspan='5' align='center'>

    <!--css div popup start-->
    <a class="popup_link" onfocus='this.blur();' href="javascript:showTestDetail('div_ft2.11')" >
        error</a>

    <div id='div_ft2.11' class="popup_window">
        <div style='text-align: right; color:red;cursor:pointer'>
        <a onfocus='this.blur();' onclick="document.getElementById('div_ft2.11').style.display = 'none' " >
           [x]</a>
        </div>
        <pre>
        
ft2.11: Traceback (most recent call last):
  File "G:\huipeitongUI\testcase\test1_firstpage.py", line 58, in test_1Login
    self.driver.find_element('name', '立即体验').click()
  File "C:\python35\lib\site-packages\selenium\webdriver\remote\webdriver.py", line 752, in find_element
    'value': value})['value']
  File "C:\python35\lib\site-packages\selenium\webdriver\remote\webdriver.py", line 236, in execute
    self.error_handler.check_response(response)
  File "C:\python35\lib\site-packages\appium\webdriver\errorhandler.py", line 29, in check_response
    raise wde
  File "C:\python35\lib\site-packages\appium\webdriver\errorhandler.py", line 24, in check_response
    super(MobileErrorHandler, self).check_response(response)
  File "C:\python35\lib\site-packages\selenium\webdriver\remote\errorhandler.py", line 192, in check_response
    raise exception_class(message, screen, stacktrace)
selenium.common.exceptions.NoSuchElementException: Message: An element could not be located on the page using the given search parameters.

Traceback (most recent call last):
  File "G:\huipeitongUI\testcase\test1_firstpage.py", line 58, in test_1Login
    self.driver.find_element('name', '立即体验').click()
  File "C:\python35\lib\site-packages\selenium\webdriver\remote\webdriver.py", line 752, in find_element
    'value': value})['value']
  File "C:\python35\lib\site-packages\selenium\webdriver\remote\webdriver.py", line 236, in execute
    self.error_handler.check_response(response)
  File "C:\python35\lib\site-packages\appium\webdriver\errorhandler.py", line 29, in check_response
    raise wde
  File "C:\python35\lib\site-packages\appium\webdriver\errorhandler.py", line 24, in check_response
    super(MobileErrorHandler, self).check_response(response)
  File "C:\python35\lib\site-packages\selenium\webdriver\remote\errorhandler.py", line 192, in check_response
    raise exception_class(message, screen, stacktrace)
selenium.common.exceptions.NoSuchElementException: Message: An element could not be located on the page using the given search parameters.



        </pre>
    </div>
    <!--css div popup end-->

    </td>
    <td align='center'>
    <a target="_blank" href="" title=" ">
    <img src="..\img.png" height=15 width=15 border=0 /></a>
    </td>
</tr>

<tr id='pt2.12' class='hiddenRow'>
    <td class='none'><div class='testcase'>test_RollCenterH5: 查看领卷中心--品牌现金卷</div></td>
    <td colspan='5' align='center'>pass</td>
    <td></td>
</tr>

<tr id='ft2.13' class='none'>
    <td class='errorCase'><div class='testcase'>test_1Login: 使用手机号密码登录</div></td>
    <td colspan='5' align='center'>

    <!--css div popup start-->
    <a class="popup_link" onfocus='this.blur();' href="javascript:showTestDetail('div_ft2.13')" >
        error</a>

    <div id='div_ft2.13' class="popup_window">
        <div style='text-align: right; color:red;cursor:pointer'>
        <a onfocus='this.blur();' onclick="document.getElementById('div_ft2.13').style.display = 'none' " >
           [x]</a>
        </div>
        <pre>
        
ft2.13: Traceback (most recent call last):
  File "G:\huipeitongUI\testcase\test1_firstpage.py", line 58, in test_1Login
    self.driver.find_element('name', '立即体验').click()
  File "C:\python35\lib\site-packages\selenium\webdriver\remote\webdriver.py", line 752, in find_element
    'value': value})['value']
  File "C:\python35\lib\site-packages\selenium\webdriver\remote\webdriver.py", line 236, in execute
    self.error_handler.check_response(response)
  File "C:\python35\lib\site-packages\appium\webdriver\errorhandler.py", line 29, in check_response
    raise wde
  File "C:\python35\lib\site-packages\appium\webdriver\errorhandler.py", line 24, in check_response
    super(MobileErrorHandler, self).check_response(response)
  File "C:\python35\lib\site-packages\selenium\webdriver\remote\errorhandler.py", line 192, in check_response
    raise exception_class(message, screen, stacktrace)
selenium.common.exceptions.NoSuchElementException: Message: An element could not be located on the page using the given search parameters.

Traceback (most recent call last):
  File "G:\huipeitongUI\testcase\test1_firstpage.py", line 58, in test_1Login
    self.driver.find_element('name', '立即体验').click()
  File "C:\python35\lib\site-packages\selenium\webdriver\remote\webdriver.py", line 752, in find_element
    'value': value})['value']
  File "C:\python35\lib\site-packages\selenium\webdriver\remote\webdriver.py", line 236, in execute
    self.error_handler.check_response(response)
  File "C:\python35\lib\site-packages\appium\webdriver\errorhandler.py", line 29, in check_response
    raise wde
  File "C:\python35\lib\site-packages\appium\webdriver\errorhandler.py", line 24, in check_response
    super(MobileErrorHandler, self).check_response(response)
  File "C:\python35\lib\site-packages\selenium\webdriver\remote\errorhandler.py", line 192, in check_response
    raise exception_class(message, screen, stacktrace)
selenium.common.exceptions.NoSuchElementException: Message: An element could not be located on the page using the given search parameters.



        </pre>
    </div>
    <!--css div popup end-->

    </td>
    <td align='center'>
    <a target="_blank" href="" title=" ">
    <img src="..\img.png" height=15 width=15 border=0 /></a>
    </td>
</tr>

<tr id='pt2.14' class='hiddenRow'>
    <td class='none'><div class='testcase'>test_drink: 从首页进入饮料分类列表</div></td>
    <td colspan='5' align='center'>pass</td>
    <td></td>
</tr>

<tr id='ft2.15' class='none'>
    <td class='errorCase'><div class='testcase'>test_1Login: 使用手机号密码登录</div></td>
    <td colspan='5' align='center'>

    <!--css div popup start-->
    <a class="popup_link" onfocus='this.blur();' href="javascript:showTestDetail('div_ft2.15')" >
        error</a>

    <div id='div_ft2.15' class="popup_window">
        <div style='text-align: right; color:red;cursor:pointer'>
        <a onfocus='this.blur();' onclick="document.getElementById('div_ft2.15').style.display = 'none' " >
           [x]</a>
        </div>
        <pre>
        
ft2.15: Traceback (most recent call last):
  File "G:\huipeitongUI\testcase\test1_firstpage.py", line 58, in test_1Login
    self.driver.find_element('name', '立即体验').click()
  File "C:\python35\lib\site-packages\selenium\webdriver\remote\webdriver.py", line 752, in find_element
    'value': value})['value']
  File "C:\python35\lib\site-packages\selenium\webdriver\remote\webdriver.py", line 236, in execute
    self.error_handler.check_response(response)
  File "C:\python35\lib\site-packages\appium\webdriver\errorhandler.py", line 29, in check_response
    raise wde
  File "C:\python35\lib\site-packages\appium\webdriver\errorhandler.py", line 24, in check_response
    super(MobileErrorHandler, self).check_response(response)
  File "C:\python35\lib\site-packages\selenium\webdriver\remote\errorhandler.py", line 192, in check_response
    raise exception_class(message, screen, stacktrace)
selenium.common.exceptions.NoSuchElementException: Message: An element could not be located on the page using the given search parameters.

Traceback (most recent call last):
  File "G:\huipeitongUI\testcase\test1_firstpage.py", line 58, in test_1Login
    self.driver.find_element('name', '立即体验').click()
  File "C:\python35\lib\site-packages\selenium\webdriver\remote\webdriver.py", line 752, in find_element
    'value': value})['value']
  File "C:\python35\lib\site-packages\selenium\webdriver\remote\webdriver.py", line 236, in execute
    self.error_handler.check_response(response)
  File "C:\python35\lib\site-packages\appium\webdriver\errorhandler.py", line 29, in check_response
    raise wde
  File "C:\python35\lib\site-packages\appium\webdriver\errorhandler.py", line 24, in check_response
    super(MobileErrorHandler, self).check_response(response)
  File "C:\python35\lib\site-packages\selenium\webdriver\remote\errorhandler.py", line 192, in check_response
    raise exception_class(message, screen, stacktrace)
selenium.common.exceptions.NoSuchElementException: Message: An element could not be located on the page using the given search parameters.



        </pre>
    </div>
    <!--css div popup end-->

    </td>
    <td align='center'>
    <a target="_blank" href="" title=" ">
    <img src="..\img.png" height=15 width=15 border=0 /></a>
    </td>
</tr>

<tr id='pt2.16' class='hiddenRow'>
    <td class='none'><div class='testcase'>test_drink: 从首页进入饮料分类列表</div></td>
    <td colspan='5' align='center'>pass</td>
    <td></td>
</tr>

<tr id='ft2.17' class='none'>
    <td class='errorCase'><div class='testcase'>test_1Login: 使用手机号密码登录</div></td>
    <td colspan='5' align='center'>

    <!--css div popup start-->
    <a class="popup_link" onfocus='this.blur();' href="javascript:showTestDetail('div_ft2.17')" >
        error</a>

    <div id='div_ft2.17' class="popup_window">
        <div style='text-align: right; color:red;cursor:pointer'>
        <a onfocus='this.blur();' onclick="document.getElementById('div_ft2.17').style.display = 'none' " >
           [x]</a>
        </div>
        <pre>
        
ft2.17: Traceback (most recent call last):
  File "G:\huipeitongUI\testcase\test1_firstpage.py", line 58, in test_1Login
    self.driver.find_element('name', '立即体验').click()
  File "C:\python35\lib\site-packages\selenium\webdriver\remote\webdriver.py", line 752, in find_element
    'value': value})['value']
  File "C:\python35\lib\site-packages\selenium\webdriver\remote\webdriver.py", line 236, in execute
    self.error_handler.check_response(response)
  File "C:\python35\lib\site-packages\appium\webdriver\errorhandler.py", line 29, in check_response
    raise wde
  File "C:\python35\lib\site-packages\appium\webdriver\errorhandler.py", line 24, in check_response
    super(MobileErrorHandler, self).check_response(response)
  File "C:\python35\lib\site-packages\selenium\webdriver\remote\errorhandler.py", line 192, in check_response
    raise exception_class(message, screen, stacktrace)
selenium.common.exceptions.NoSuchElementException: Message: An element could not be located on the page using the given search parameters.

Traceback (most recent call last):
  File "G:\huipeitongUI\testcase\test1_firstpage.py", line 58, in test_1Login
    self.driver.find_element('name', '立即体验').click()
  File "C:\python35\lib\site-packages\selenium\webdriver\remote\webdriver.py", line 752, in find_element
    'value': value})['value']
  File "C:\python35\lib\site-packages\selenium\webdriver\remote\webdriver.py", line 236, in execute
    self.error_handler.check_response(response)
  File "C:\python35\lib\site-packages\appium\webdriver\errorhandler.py", line 29, in check_response
    raise wde
  File "C:\python35\lib\site-packages\appium\webdriver\errorhandler.py", line 24, in check_response
    super(MobileErrorHandler, self).check_response(response)
  File "C:\python35\lib\site-packages\selenium\webdriver\remote\errorhandler.py", line 192, in check_response
    raise exception_class(message, screen, stacktrace)
selenium.common.exceptions.NoSuchElementException: Message: An element could not be located on the page using the given search parameters.



        </pre>
    </div>
    <!--css div popup end-->

    </td>
    <td align='center'>
    <a target="_blank" href="" title=" ">
    <img src="..\img.png" height=15 width=15 border=0 /></a>
    </td>
</tr>

<tr id='pt2.18' class='hiddenRow'>
    <td class='none'><div class='testcase'>test_fast_food: 从首页进入方便速食分类列表</div></td>
    <td colspan='5' align='center'>pass</td>
    <td></td>
</tr>

<tr id='ft2.19' class='none'>
    <td class='errorCase'><div class='testcase'>test_1Login: 使用手机号密码登录</div></td>
    <td colspan='5' align='center'>

    <!--css div popup start-->
    <a class="popup_link" onfocus='this.blur();' href="javascript:showTestDetail('div_ft2.19')" >
        error</a>

    <div id='div_ft2.19' class="popup_window">
        <div style='text-align: right; color:red;cursor:pointer'>
        <a onfocus='this.blur();' onclick="document.getElementById('div_ft2.19').style.display = 'none' " >
           [x]</a>
        </div>
        <pre>
        
ft2.19: Traceback (most recent call last):
  File "G:\huipeitongUI\testcase\test1_firstpage.py", line 58, in test_1Login
    self.driver.find_element('name', '立即体验').click()
  File "C:\python35\lib\site-packages\selenium\webdriver\remote\webdriver.py", line 752, in find_element
    'value': value})['value']
  File "C:\python35\lib\site-packages\selenium\webdriver\remote\webdriver.py", line 236, in execute
    self.error_handler.check_response(response)
  File "C:\python35\lib\site-packages\appium\webdriver\errorhandler.py", line 29, in check_response
    raise wde
  File "C:\python35\lib\site-packages\appium\webdriver\errorhandler.py", line 24, in check_response
    super(MobileErrorHandler, self).check_response(response)
  File "C:\python35\lib\site-packages\selenium\webdriver\remote\errorhandler.py", line 192, in check_response
    raise exception_class(message, screen, stacktrace)
selenium.common.exceptions.NoSuchElementException: Message: An element could not be located on the page using the given search parameters.

Traceback (most recent call last):
  File "G:\huipeitongUI\testcase\test1_firstpage.py", line 58, in test_1Login
    self.driver.find_element('name', '立即体验').click()
  File "C:\python35\lib\site-packages\selenium\webdriver\remote\webdriver.py", line 752, in find_element
    'value': value})['value']
  File "C:\python35\lib\site-packages\selenium\webdriver\remote\webdriver.py", line 236, in execute
    self.error_handler.check_response(response)
  File "C:\python35\lib\site-packages\appium\webdriver\errorhandler.py", line 29, in check_response
    raise wde
  File "C:\python35\lib\site-packages\appium\webdriver\errorhandler.py", line 24, in check_response
    super(MobileErrorHandler, self).check_response(response)
  File "C:\python35\lib\site-packages\selenium\webdriver\remote\errorhandler.py", line 192, in check_response
    raise exception_class(message, screen, stacktrace)
selenium.common.exceptions.NoSuchElementException: Message: An element could not be located on the page using the given search parameters.



        </pre>
    </div>
    <!--css div popup end-->

    </td>
    <td align='center'>
    <a target="_blank" href="" title=" ">
    <img src="..\img.png" height=15 width=15 border=0 /></a>
    </td>
</tr>

<tr id='pt2.20' class='hiddenRow'>
    <td class='none'><div class='testcase'>test_fast_food: 从首页进入方便速食分类列表</div></td>
    <td colspan='5' align='center'>pass</td>
    <td></td>
</tr>

<tr id='ft2.21' class='none'>
    <td class='errorCase'><div class='testcase'>test_1Login: 使用手机号密码登录</div></td>
    <td colspan='5' align='center'>

    <!--css div popup start-->
    <a class="popup_link" onfocus='this.blur();' href="javascript:showTestDetail('div_ft2.21')" >
        error</a>

    <div id='div_ft2.21' class="popup_window">
        <div style='text-align: right; color:red;cursor:pointer'>
        <a onfocus='this.blur();' onclick="document.getElementById('div_ft2.21').style.display = 'none' " >
           [x]</a>
        </div>
        <pre>
        
ft2.21: Traceback (most recent call last):
  File "G:\huipeitongUI\testcase\test1_firstpage.py", line 58, in test_1Login
    self.driver.find_element('name', '立即体验').click()
  File "C:\python35\lib\site-packages\selenium\webdriver\remote\webdriver.py", line 752, in find_element
    'value': value})['value']
  File "C:\python35\lib\site-packages\selenium\webdriver\remote\webdriver.py", line 236, in execute
    self.error_handler.check_response(response)
  File "C:\python35\lib\site-packages\appium\webdriver\errorhandler.py", line 29, in check_response
    raise wde
  File "C:\python35\lib\site-packages\appium\webdriver\errorhandler.py", line 24, in check_response
    super(MobileErrorHandler, self).check_response(response)
  File "C:\python35\lib\site-packages\selenium\webdriver\remote\errorhandler.py", line 192, in check_response
    raise exception_class(message, screen, stacktrace)
selenium.common.exceptions.NoSuchElementException: Message: An element could not be located on the page using the given search parameters.

Traceback (most recent call last):
  File "G:\huipeitongUI\testcase\test1_firstpage.py", line 58, in test_1Login
    self.driver.find_element('name', '立即体验').click()
  File "C:\python35\lib\site-packages\selenium\webdriver\remote\webdriver.py", line 752, in find_element
    'value': value})['value']
  File "C:\python35\lib\site-packages\selenium\webdriver\remote\webdriver.py", line 236, in execute
    self.error_handler.check_response(response)
  File "C:\python35\lib\site-packages\appium\webdriver\errorhandler.py", line 29, in check_response
    raise wde
  File "C:\python35\lib\site-packages\appium\webdriver\errorhandler.py", line 24, in check_response
    super(MobileErrorHandler, self).check_response(response)
  File "C:\python35\lib\site-packages\selenium\webdriver\remote\errorhandler.py", line 192, in check_response
    raise exception_class(message, screen, stacktrace)
selenium.common.exceptions.NoSuchElementException: Message: An element could not be located on the page using the given search parameters.



        </pre>
    </div>
    <!--css div popup end-->

    </td>
    <td align='center'>
    <a target="_blank" href="" title=" ">
    <img src="..\img.png" height=15 width=15 border=0 /></a>
    </td>
</tr>

<tr id='pt2.22' class='hiddenRow'>
    <td class='none'><div class='testcase'>test_first_recharge: 从首页进入充值页面</div></td>
    <td colspan='5' align='center'>pass</td>
    <td></td>
</tr>

<tr id='ft2.23' class='none'>
    <td class='errorCase'><div class='testcase'>test_1Login: 使用手机号密码登录</div></td>
    <td colspan='5' align='center'>

    <!--css div popup start-->
    <a class="popup_link" onfocus='this.blur();' href="javascript:showTestDetail('div_ft2.23')" >
        error</a>

    <div id='div_ft2.23' class="popup_window">
        <div style='text-align: right; color:red;cursor:pointer'>
        <a onfocus='this.blur();' onclick="document.getElementById('div_ft2.23').style.display = 'none' " >
           [x]</a>
        </div>
        <pre>
        
ft2.23: Traceback (most recent call last):
  File "G:\huipeitongUI\testcase\test1_firstpage.py", line 58, in test_1Login
    self.driver.find_element('name', '立即体验').click()
  File "C:\python35\lib\site-packages\selenium\webdriver\remote\webdriver.py", line 752, in find_element
    'value': value})['value']
  File "C:\python35\lib\site-packages\selenium\webdriver\remote\webdriver.py", line 236, in execute
    self.error_handler.check_response(response)
  File "C:\python35\lib\site-packages\appium\webdriver\errorhandler.py", line 29, in check_response
    raise wde
  File "C:\python35\lib\site-packages\appium\webdriver\errorhandler.py", line 24, in check_response
    super(MobileErrorHandler, self).check_response(response)
  File "C:\python35\lib\site-packages\selenium\webdriver\remote\errorhandler.py", line 192, in check_response
    raise exception_class(message, screen, stacktrace)
selenium.common.exceptions.NoSuchElementException: Message: An element could not be located on the page using the given search parameters.

Traceback (most recent call last):
  File "G:\huipeitongUI\testcase\test1_firstpage.py", line 58, in test_1Login
    self.driver.find_element('name', '立即体验').click()
  File "C:\python35\lib\site-packages\selenium\webdriver\remote\webdriver.py", line 752, in find_element
    'value': value})['value']
  File "C:\python35\lib\site-packages\selenium\webdriver\remote\webdriver.py", line 236, in execute
    self.error_handler.check_response(response)
  File "C:\python35\lib\site-packages\appium\webdriver\errorhandler.py", line 29, in check_response
    raise wde
  File "C:\python35\lib\site-packages\appium\webdriver\errorhandler.py", line 24, in check_response
    super(MobileErrorHandler, self).check_response(response)
  File "C:\python35\lib\site-packages\selenium\webdriver\remote\errorhandler.py", line 192, in check_response
    raise exception_class(message, screen, stacktrace)
selenium.common.exceptions.NoSuchElementException: Message: An element could not be located on the page using the given search parameters.



        </pre>
    </div>
    <!--css div popup end-->

    </td>
    <td align='center'>
    <a target="_blank" href="" title=" ">
    <img src="..\img.png" height=15 width=15 border=0 /></a>
    </td>
</tr>

<tr id='pt2.24' class='hiddenRow'>
    <td class='none'><div class='testcase'>test_first_recharge: 从首页进入充值页面</div></td>
    <td colspan='5' align='center'>pass</td>
    <td></td>
</tr>

<tr id='ft2.25' class='none'>
    <td class='errorCase'><div class='testcase'>test_1Login: 使用手机号密码登录</div></td>
    <td colspan='5' align='center'>

    <!--css div popup start-->
    <a class="popup_link" onfocus='this.blur();' href="javascript:showTestDetail('div_ft2.25')" >
        error</a>

    <div id='div_ft2.25' class="popup_window">
        <div style='text-align: right; color:red;cursor:pointer'>
        <a onfocus='this.blur();' onclick="document.getElementById('div_ft2.25').style.display = 'none' " >
           [x]</a>
        </div>
        <pre>
        
ft2.25: Traceback (most recent call last):
  File "G:\huipeitongUI\testcase\test1_firstpage.py", line 58, in test_1Login
    self.driver.find_element('name', '立即体验').click()
  File "C:\python35\lib\site-packages\selenium\webdriver\remote\webdriver.py", line 752, in find_element
    'value': value})['value']
  File "C:\python35\lib\site-packages\selenium\webdriver\remote\webdriver.py", line 236, in execute
    self.error_handler.check_response(response)
  File "C:\python35\lib\site-packages\appium\webdriver\errorhandler.py", line 29, in check_response
    raise wde
  File "C:\python35\lib\site-packages\appium\webdriver\errorhandler.py", line 24, in check_response
    super(MobileErrorHandler, self).check_response(response)
  File "C:\python35\lib\site-packages\selenium\webdriver\remote\errorhandler.py", line 192, in check_response
    raise exception_class(message, screen, stacktrace)
selenium.common.exceptions.NoSuchElementException: Message: An element could not be located on the page using the given search parameters.

Traceback (most recent call last):
  File "G:\huipeitongUI\testcase\test1_firstpage.py", line 58, in test_1Login
    self.driver.find_element('name', '立即体验').click()
  File "C:\python35\lib\site-packages\selenium\webdriver\remote\webdriver.py", line 752, in find_element
    'value': value})['value']
  File "C:\python35\lib\site-packages\selenium\webdriver\remote\webdriver.py", line 236, in execute
    self.error_handler.check_response(response)
  File "C:\python35\lib\site-packages\appium\webdriver\errorhandler.py", line 29, in check_response
    raise wde
  File "C:\python35\lib\site-packages\appium\webdriver\errorhandler.py", line 24, in check_response
    super(MobileErrorHandler, self).check_response(response)
  File "C:\python35\lib\site-packages\selenium\webdriver\remote\errorhandler.py", line 192, in check_response
    raise exception_class(message, screen, stacktrace)
selenium.common.exceptions.NoSuchElementException: Message: An element could not be located on the page using the given search parameters.



        </pre>
    </div>
    <!--css div popup end-->

    </td>
    <td align='center'>
    <a target="_blank" href="" title=" ">
    <img src="..\img.png" height=15 width=15 border=0 /></a>
    </td>
</tr>

<tr id='pt2.26' class='hiddenRow'>
    <td class='none'><div class='testcase'>test_first_search: 从首页进入搜索页面</div></td>
    <td colspan='5' align='center'>pass</td>
    <td></td>
</tr>

<tr id='ft2.27' class='none'>
    <td class='errorCase'><div class='testcase'>test_1Login: 使用手机号密码登录</div></td>
    <td colspan='5' align='center'>

    <!--css div popup start-->
    <a class="popup_link" onfocus='this.blur();' href="javascript:showTestDetail('div_ft2.27')" >
        error</a>

    <div id='div_ft2.27' class="popup_window">
        <div style='text-align: right; color:red;cursor:pointer'>
        <a onfocus='this.blur();' onclick="document.getElementById('div_ft2.27').style.display = 'none' " >
           [x]</a>
        </div>
        <pre>
        
ft2.27: Traceback (most recent call last):
  File "G:\huipeitongUI\testcase\test1_firstpage.py", line 58, in test_1Login
    self.driver.find_element('name', '立即体验').click()
  File "C:\python35\lib\site-packages\selenium\webdriver\remote\webdriver.py", line 752, in find_element
    'value': value})['value']
  File "C:\python35\lib\site-packages\selenium\webdriver\remote\webdriver.py", line 236, in execute
    self.error_handler.check_response(response)
  File "C:\python35\lib\site-packages\appium\webdriver\errorhandler.py", line 29, in check_response
    raise wde
  File "C:\python35\lib\site-packages\appium\webdriver\errorhandler.py", line 24, in check_response
    super(MobileErrorHandler, self).check_response(response)
  File "C:\python35\lib\site-packages\selenium\webdriver\remote\errorhandler.py", line 192, in check_response
    raise exception_class(message, screen, stacktrace)
selenium.common.exceptions.NoSuchElementException: Message: An element could not be located on the page using the given search parameters.

Traceback (most recent call last):
  File "G:\huipeitongUI\testcase\test1_firstpage.py", line 58, in test_1Login
    self.driver.find_element('name', '立即体验').click()
  File "C:\python35\lib\site-packages\selenium\webdriver\remote\webdriver.py", line 752, in find_element
    'value': value})['value']
  File "C:\python35\lib\site-packages\selenium\webdriver\remote\webdriver.py", line 236, in execute
    self.error_handler.check_response(response)
  File "C:\python35\lib\site-packages\appium\webdriver\errorhandler.py", line 29, in check_response
    raise wde
  File "C:\python35\lib\site-packages\appium\webdriver\errorhandler.py", line 24, in check_response
    super(MobileErrorHandler, self).check_response(response)
  File "C:\python35\lib\site-packages\selenium\webdriver\remote\errorhandler.py", line 192, in check_response
    raise exception_class(message, screen, stacktrace)
selenium.common.exceptions.NoSuchElementException: Message: An element could not be located on the page using the given search parameters.



        </pre>
    </div>
    <!--css div popup end-->

    </td>
    <td align='center'>
    <a target="_blank" href="" title=" ">
    <img src="..\img.png" height=15 width=15 border=0 /></a>
    </td>
</tr>

<tr id='pt2.28' class='hiddenRow'>
    <td class='none'><div class='testcase'>test_first_search: 从首页进入搜索页面</div></td>
    <td colspan='5' align='center'>pass</td>
    <td></td>
</tr>

<tr id='ft2.29' class='none'>
    <td class='errorCase'><div class='testcase'>test_1Login: 使用手机号密码登录</div></td>
    <td colspan='5' align='center'>

    <!--css div popup start-->
    <a class="popup_link" onfocus='this.blur();' href="javascript:showTestDetail('div_ft2.29')" >
        error</a>

    <div id='div_ft2.29' class="popup_window">
        <div style='text-align: right; color:red;cursor:pointer'>
        <a onfocus='this.blur();' onclick="document.getElementById('div_ft2.29').style.display = 'none' " >
           [x]</a>
        </div>
        <pre>
        
ft2.29: Traceback (most recent call last):
  File "G:\huipeitongUI\testcase\test1_firstpage.py", line 58, in test_1Login
    self.driver.find_element('name', '立即体验').click()
  File "C:\python35\lib\site-packages\selenium\webdriver\remote\webdriver.py", line 752, in find_element
    'value': value})['value']
  File "C:\python35\lib\site-packages\selenium\webdriver\remote\webdriver.py", line 236, in execute
    self.error_handler.check_response(response)
  File "C:\python35\lib\site-packages\appium\webdriver\errorhandler.py", line 29, in check_response
    raise wde
  File "C:\python35\lib\site-packages\appium\webdriver\errorhandler.py", line 24, in check_response
    super(MobileErrorHandler, self).check_response(response)
  File "C:\python35\lib\site-packages\selenium\webdriver\remote\errorhandler.py", line 192, in check_response
    raise exception_class(message, screen, stacktrace)
selenium.common.exceptions.NoSuchElementException: Message: An element could not be located on the page using the given search parameters.

Traceback (most recent call last):
  File "G:\huipeitongUI\testcase\test1_firstpage.py", line 58, in test_1Login
    self.driver.find_element('name', '立即体验').click()
  File "C:\python35\lib\site-packages\selenium\webdriver\remote\webdriver.py", line 752, in find_element
    'value': value})['value']
  File "C:\python35\lib\site-packages\selenium\webdriver\remote\webdriver.py", line 236, in execute
    self.error_handler.check_response(response)
  File "C:\python35\lib\site-packages\appium\webdriver\errorhandler.py", line 29, in check_response
    raise wde
  File "C:\python35\lib\site-packages\appium\webdriver\errorhandler.py", line 24, in check_response
    super(MobileErrorHandler, self).check_response(response)
  File "C:\python35\lib\site-packages\selenium\webdriver\remote\errorhandler.py", line 192, in check_response
    raise exception_class(message, screen, stacktrace)
selenium.common.exceptions.NoSuchElementException: Message: An element could not be located on the page using the given search parameters.



        </pre>
    </div>
    <!--css div popup end-->

    </td>
    <td align='center'>
    <a target="_blank" href="" title=" ">
    <img src="..\img.png" height=15 width=15 border=0 /></a>
    </td>
</tr>

<tr id='pt2.30' class='hiddenRow'>
    <td class='none'><div class='testcase'>test_msg_center: 点击消息中心按钮进入消息中心</div></td>
    <td colspan='5' align='center'>pass</td>
    <td></td>
</tr>

<tr id='ft2.31' class='none'>
    <td class='errorCase'><div class='testcase'>test_1Login: 使用手机号密码登录</div></td>
    <td colspan='5' align='center'>

    <!--css div popup start-->
    <a class="popup_link" onfocus='this.blur();' href="javascript:showTestDetail('div_ft2.31')" >
        error</a>

    <div id='div_ft2.31' class="popup_window">
        <div style='text-align: right; color:red;cursor:pointer'>
        <a onfocus='this.blur();' onclick="document.getElementById('div_ft2.31').style.display = 'none' " >
           [x]</a>
        </div>
        <pre>
        
ft2.31: Traceback (most recent call last):
  File "G:\huipeitongUI\testcase\test1_firstpage.py", line 58, in test_1Login
    self.driver.find_element('name', '立即体验').click()
  File "C:\python35\lib\site-packages\selenium\webdriver\remote\webdriver.py", line 752, in find_element
    'value': value})['value']
  File "C:\python35\lib\site-packages\selenium\webdriver\remote\webdriver.py", line 236, in execute
    self.error_handler.check_response(response)
  File "C:\python35\lib\site-packages\appium\webdriver\errorhandler.py", line 29, in check_response
    raise wde
  File "C:\python35\lib\site-packages\appium\webdriver\errorhandler.py", line 24, in check_response
    super(MobileErrorHandler, self).check_response(response)
  File "C:\python35\lib\site-packages\selenium\webdriver\remote\errorhandler.py", line 192, in check_response
    raise exception_class(message, screen, stacktrace)
selenium.common.exceptions.NoSuchElementException: Message: An element could not be located on the page using the given search parameters.

Traceback (most recent call last):
  File "G:\huipeitongUI\testcase\test1_firstpage.py", line 58, in test_1Login
    self.driver.find_element('name', '立即体验').click()
  File "C:\python35\lib\site-packages\selenium\webdriver\remote\webdriver.py", line 752, in find_element
    'value': value})['value']
  File "C:\python35\lib\site-packages\selenium\webdriver\remote\webdriver.py", line 236, in execute
    self.error_handler.check_response(response)
  File "C:\python35\lib\site-packages\appium\webdriver\errorhandler.py", line 29, in check_response
    raise wde
  File "C:\python35\lib\site-packages\appium\webdriver\errorhandler.py", line 24, in check_response
    super(MobileErrorHandler, self).check_response(response)
  File "C:\python35\lib\site-packages\selenium\webdriver\remote\errorhandler.py", line 192, in check_response
    raise exception_class(message, screen, stacktrace)
selenium.common.exceptions.NoSuchElementException: Message: An element could not be located on the page using the given search parameters.



        </pre>
    </div>
    <!--css div popup end-->

    </td>
    <td align='center'>
    <a target="_blank" href="" title=" ">
    <img src="..\img.png" height=15 width=15 border=0 /></a>
    </td>
</tr>

<tr id='pt2.32' class='hiddenRow'>
    <td class='none'><div class='testcase'>test_msg_center: 点击消息中心按钮进入消息中心</div></td>
    <td colspan='5' align='center'>pass</td>
    <td></td>
</tr>

<tr id='ft2.33' class='none'>
    <td class='errorCase'><div class='testcase'>test_1Login: 使用手机号密码登录</div></td>
    <td colspan='5' align='center'>

    <!--css div popup start-->
    <a class="popup_link" onfocus='this.blur();' href="javascript:showTestDetail('div_ft2.33')" >
        error</a>

    <div id='div_ft2.33' class="popup_window">
        <div style='text-align: right; color:red;cursor:pointer'>
        <a onfocus='this.blur();' onclick="document.getElementById('div_ft2.33').style.display = 'none' " >
           [x]</a>
        </div>
        <pre>
        
ft2.33: Traceback (most recent call last):
  File "G:\huipeitongUI\testcase\test1_firstpage.py", line 58, in test_1Login
    self.driver.find_element('name', '立即体验').click()
  File "C:\python35\lib\site-packages\selenium\webdriver\remote\webdriver.py", line 752, in find_element
    'value': value})['value']
  File "C:\python35\lib\site-packages\selenium\webdriver\remote\webdriver.py", line 236, in execute
    self.error_handler.check_response(response)
  File "C:\python35\lib\site-packages\appium\webdriver\errorhandler.py", line 29, in check_response
    raise wde
  File "C:\python35\lib\site-packages\appium\webdriver\errorhandler.py", line 24, in check_response
    super(MobileErrorHandler, self).check_response(response)
  File "C:\python35\lib\site-packages\selenium\webdriver\remote\errorhandler.py", line 192, in check_response
    raise exception_class(message, screen, stacktrace)
selenium.common.exceptions.NoSuchElementException: Message: An element could not be located on the page using the given search parameters.

Traceback (most recent call last):
  File "G:\huipeitongUI\testcase\test1_firstpage.py", line 58, in test_1Login
    self.driver.find_element('name', '立即体验').click()
  File "C:\python35\lib\site-packages\selenium\webdriver\remote\webdriver.py", line 752, in find_element
    'value': value})['value']
  File "C:\python35\lib\site-packages\selenium\webdriver\remote\webdriver.py", line 236, in execute
    self.error_handler.check_response(response)
  File "C:\python35\lib\site-packages\appium\webdriver\errorhandler.py", line 29, in check_response
    raise wde
  File "C:\python35\lib\site-packages\appium\webdriver\errorhandler.py", line 24, in check_response
    super(MobileErrorHandler, self).check_response(response)
  File "C:\python35\lib\site-packages\selenium\webdriver\remote\errorhandler.py", line 192, in check_response
    raise exception_class(message, screen, stacktrace)
selenium.common.exceptions.NoSuchElementException: Message: An element could not be located on the page using the given search parameters.



        </pre>
    </div>
    <!--css div popup end-->

    </td>
    <td align='center'>
    <a target="_blank" href="" title=" ">
    <img src="..\img.png" height=15 width=15 border=0 /></a>
    </td>
</tr>

<tr id='pt2.34' class='hiddenRow'>
    <td class='none'><div class='testcase'>test_new_good_more: 新品上市-查看更多</div></td>
    <td colspan='5' align='center'>pass</td>
    <td></td>
</tr>

<tr id='ft2.35' class='none'>
    <td class='errorCase'><div class='testcase'>test_1Login: 使用手机号密码登录</div></td>
    <td colspan='5' align='center'>

    <!--css div popup start-->
    <a class="popup_link" onfocus='this.blur();' href="javascript:showTestDetail('div_ft2.35')" >
        error</a>

    <div id='div_ft2.35' class="popup_window">
        <div style='text-align: right; color:red;cursor:pointer'>
        <a onfocus='this.blur();' onclick="document.getElementById('div_ft2.35').style.display = 'none' " >
           [x]</a>
        </div>
        <pre>
        
ft2.35: Traceback (most recent call last):
  File "G:\huipeitongUI\testcase\test1_firstpage.py", line 58, in test_1Login
    self.driver.find_element('name', '立即体验').click()
  File "C:\python35\lib\site-packages\selenium\webdriver\remote\webdriver.py", line 752, in find_element
    'value': value})['value']
  File "C:\python35\lib\site-packages\selenium\webdriver\remote\webdriver.py", line 236, in execute
    self.error_handler.check_response(response)
  File "C:\python35\lib\site-packages\appium\webdriver\errorhandler.py", line 29, in check_response
    raise wde
  File "C:\python35\lib\site-packages\appium\webdriver\errorhandler.py", line 24, in check_response
    super(MobileErrorHandler, self).check_response(response)
  File "C:\python35\lib\site-packages\selenium\webdriver\remote\errorhandler.py", line 192, in check_response
    raise exception_class(message, screen, stacktrace)
selenium.common.exceptions.NoSuchElementException: Message: An element could not be located on the page using the given search parameters.

Traceback (most recent call last):
  File "G:\huipeitongUI\testcase\test1_firstpage.py", line 58, in test_1Login
    self.driver.find_element('name', '立即体验').click()
  File "C:\python35\lib\site-packages\selenium\webdriver\remote\webdriver.py", line 752, in find_element
    'value': value})['value']
  File "C:\python35\lib\site-packages\selenium\webdriver\remote\webdriver.py", line 236, in execute
    self.error_handler.check_response(response)
  File "C:\python35\lib\site-packages\appium\webdriver\errorhandler.py", line 29, in check_response
    raise wde
  File "C:\python35\lib\site-packages\appium\webdriver\errorhandler.py", line 24, in check_response
    super(MobileErrorHandler, self).check_response(response)
  File "C:\python35\lib\site-packages\selenium\webdriver\remote\errorhandler.py", line 192, in check_response
    raise exception_class(message, screen, stacktrace)
selenium.common.exceptions.NoSuchElementException: Message: An element could not be located on the page using the given search parameters.



        </pre>
    </div>
    <!--css div popup end-->

    </td>
    <td align='center'>
    <a target="_blank" href="" title=" ">
    <img src="..\img.png" height=15 width=15 border=0 /></a>
    </td>
</tr>

<tr id='pt2.36' class='hiddenRow'>
    <td class='none'><div class='testcase'>test_new_good_more: 新品上市-查看更多</div></td>
    <td colspan='5' align='center'>pass</td>
    <td></td>
</tr>

<tr id='ft2.37' class='none'>
    <td class='errorCase'><div class='testcase'>test_1Login: 使用手机号密码登录</div></td>
    <td colspan='5' align='center'>

    <!--css div popup start-->
    <a class="popup_link" onfocus='this.blur();' href="javascript:showTestDetail('div_ft2.37')" >
        error</a>

    <div id='div_ft2.37' class="popup_window">
        <div style='text-align: right; color:red;cursor:pointer'>
        <a onfocus='this.blur();' onclick="document.getElementById('div_ft2.37').style.display = 'none' " >
           [x]</a>
        </div>
        <pre>
        
ft2.37: Traceback (most recent call last):
  File "G:\huipeitongUI\testcase\test1_firstpage.py", line 58, in test_1Login
    self.driver.find_element('name', '立即体验').click()
  File "C:\python35\lib\site-packages\selenium\webdriver\remote\webdriver.py", line 752, in find_element
    'value': value})['value']
  File "C:\python35\lib\site-packages\selenium\webdriver\remote\webdriver.py", line 236, in execute
    self.error_handler.check_response(response)
  File "C:\python35\lib\site-packages\appium\webdriver\errorhandler.py", line 29, in check_response
    raise wde
  File "C:\python35\lib\site-packages\appium\webdriver\errorhandler.py", line 24, in check_response
    super(MobileErrorHandler, self).check_response(response)
  File "C:\python35\lib\site-packages\selenium\webdriver\remote\errorhandler.py", line 192, in check_response
    raise exception_class(message, screen, stacktrace)
selenium.common.exceptions.NoSuchElementException: Message: An element could not be located on the page using the given search parameters.

Traceback (most recent call last):
  File "G:\huipeitongUI\testcase\test1_firstpage.py", line 58, in test_1Login
    self.driver.find_element('name', '立即体验').click()
  File "C:\python35\lib\site-packages\selenium\webdriver\remote\webdriver.py", line 752, in find_element
    'value': value})['value']
  File "C:\python35\lib\site-packages\selenium\webdriver\remote\webdriver.py", line 236, in execute
    self.error_handler.check_response(response)
  File "C:\python35\lib\site-packages\appium\webdriver\errorhandler.py", line 29, in check_response
    raise wde
  File "C:\python35\lib\site-packages\appium\webdriver\errorhandler.py", line 24, in check_response
    super(MobileErrorHandler, self).check_response(response)
  File "C:\python35\lib\site-packages\selenium\webdriver\remote\errorhandler.py", line 192, in check_response
    raise exception_class(message, screen, stacktrace)
selenium.common.exceptions.NoSuchElementException: Message: An element could not be located on the page using the given search parameters.



        </pre>
    </div>
    <!--css div popup end-->

    </td>
    <td align='center'>
    <a target="_blank" href="" title=" ">
    <img src="..\img.png" height=15 width=15 border=0 /></a>
    </td>
</tr>

<tr id='pt2.38' class='hiddenRow'>
    <td class='none'><div class='testcase'>test_newgood_detail: 从新品上市推荐商品中进入商品详情</div></td>
    <td colspan='5' align='center'>pass</td>
    <td></td>
</tr>

<tr id='ft2.39' class='none'>
    <td class='errorCase'><div class='testcase'>test_1Login: 使用手机号密码登录</div></td>
    <td colspan='5' align='center'>

    <!--css div popup start-->
    <a class="popup_link" onfocus='this.blur();' href="javascript:showTestDetail('div_ft2.39')" >
        error</a>

    <div id='div_ft2.39' class="popup_window">
        <div style='text-align: right; color:red;cursor:pointer'>
        <a onfocus='this.blur();' onclick="document.getElementById('div_ft2.39').style.display = 'none' " >
           [x]</a>
        </div>
        <pre>
        
ft2.39: Traceback (most recent call last):
  File "G:\huipeitongUI\testcase\test1_firstpage.py", line 58, in test_1Login
    self.driver.find_element('name', '立即体验').click()
  File "C:\python35\lib\site-packages\selenium\webdriver\remote\webdriver.py", line 752, in find_element
    'value': value})['value']
  File "C:\python35\lib\site-packages\selenium\webdriver\remote\webdriver.py", line 236, in execute
    self.error_handler.check_response(response)
  File "C:\python35\lib\site-packages\appium\webdriver\errorhandler.py", line 29, in check_response
    raise wde
  File "C:\python35\lib\site-packages\appium\webdriver\errorhandler.py", line 24, in check_response
    super(MobileErrorHandler, self).check_response(response)
  File "C:\python35\lib\site-packages\selenium\webdriver\remote\errorhandler.py", line 192, in check_response
    raise exception_class(message, screen, stacktrace)
selenium.common.exceptions.NoSuchElementException: Message: An element could not be located on the page using the given search parameters.

Traceback (most recent call last):
  File "G:\huipeitongUI\testcase\test1_firstpage.py", line 58, in test_1Login
    self.driver.find_element('name', '立即体验').click()
  File "C:\python35\lib\site-packages\selenium\webdriver\remote\webdriver.py", line 752, in find_element
    'value': value})['value']
  File "C:\python35\lib\site-packages\selenium\webdriver\remote\webdriver.py", line 236, in execute
    self.error_handler.check_response(response)
  File "C:\python35\lib\site-packages\appium\webdriver\errorhandler.py", line 29, in check_response
    raise wde
  File "C:\python35\lib\site-packages\appium\webdriver\errorhandler.py", line 24, in check_response
    super(MobileErrorHandler, self).check_response(response)
  File "C:\python35\lib\site-packages\selenium\webdriver\remote\errorhandler.py", line 192, in check_response
    raise exception_class(message, screen, stacktrace)
selenium.common.exceptions.NoSuchElementException: Message: An element could not be located on the page using the given search parameters.



        </pre>
    </div>
    <!--css div popup end-->

    </td>
    <td align='center'>
    <a target="_blank" href="" title=" ">
    <img src="..\img.png" height=15 width=15 border=0 /></a>
    </td>
</tr>

<tr id='pt2.40' class='hiddenRow'>
    <td class='none'><div class='testcase'>test_newgood_detail: 从新品上市推荐商品中进入商品详情</div></td>
    <td colspan='5' align='center'>pass</td>
    <td></td>
</tr>

<tr class='errorClass'>
    <td>testcase.test3_shopping_cart.TestShoppingCar</td>
    <td>16</td>
    <td>0</td>
    <td>0</td>
    <td>16</td>
    <td><a href="javascript:showClassDetail('c3',16)">Detail</a></td>
    <td>&nbsp;</td>
</tr>

<tr id='ft3.1' class='none'>
    <td class='errorCase'><div class='testcase'>test_CommitOrder_pp_tickets: 提交订单页面点击品牌现金卷</div></td>
    <td colspan='5' align='center'>

    <!--css div popup start-->
    <a class="popup_link" onfocus='this.blur();' href="javascript:showTestDetail('div_ft3.1')" >
        error</a>

    <div id='div_ft3.1' class="popup_window">
        <div style='text-align: right; color:red;cursor:pointer'>
        <a onfocus='this.blur();' onclick="document.getElementById('div_ft3.1').style.display = 'none' " >
           [x]</a>
        </div>
        <pre>
        
ft3.1: Traceback (most recent call last):
  File "G:\huipeitongUI\testcase\test3_shopping_cart.py", line 253, in test_CommitOrder_pp_tickets
    '''提交订单页面点击品牌现金卷'''
  File "G:\huipeitongUI\po\public.py", line 43, in shopCarClear
    self.shopcar.click_del_goods()
  File "G:\huipeitongUI\po\shopcarpage.py", line 68, in click_del_goods
    self.find_element(self.del_goods).click()
  File "G:\huipeitongUI\po\basepage.py", line 15, in find_element
    return self._mydriver.find_element(loc[0],loc[1])
  File "C:\python35\lib\site-packages\selenium\webdriver\remote\webdriver.py", line 752, in find_element
    'value': value})['value']
  File "C:\python35\lib\site-packages\selenium\webdriver\remote\webdriver.py", line 236, in execute
    self.error_handler.check_response(response)
  File "C:\python35\lib\site-packages\appium\webdriver\errorhandler.py", line 29, in check_response
    raise wde
  File "C:\python35\lib\site-packages\appium\webdriver\errorhandler.py", line 24, in check_response
    super(MobileErrorHandler, self).check_response(response)
  File "C:\python35\lib\site-packages\selenium\webdriver\remote\errorhandler.py", line 192, in check_response
    raise exception_class(message, screen, stacktrace)
selenium.common.exceptions.NoSuchElementException: Message: An element could not be located on the page using the given search parameters.

Traceback (most recent call last):
  File "G:\huipeitongUI\testcase\test3_shopping_cart.py", line 253, in test_CommitOrder_pp_tickets
    '''提交订单页面点击品牌现金卷'''
  File "G:\huipeitongUI\po\public.py", line 43, in shopCarClear
    self.shopcar.click_del_goods()
  File "G:\huipeitongUI\po\shopcarpage.py", line 68, in click_del_goods
    self.find_element(self.del_goods).click()
  File "G:\huipeitongUI\po\basepage.py", line 15, in find_element
    return self._mydriver.find_element(loc[0],loc[1])
  File "C:\python35\lib\site-packages\selenium\webdriver\remote\webdriver.py", line 752, in find_element
    'value': value})['value']
  File "C:\python35\lib\site-packages\selenium\webdriver\remote\webdriver.py", line 236, in execute
    self.error_handler.check_response(response)
  File "C:\python35\lib\site-packages\appium\webdriver\errorhandler.py", line 29, in check_response
    raise wde
  File "C:\python35\lib\site-packages\appium\webdriver\errorhandler.py", line 24, in check_response
    super(MobileErrorHandler, self).check_response(response)
  File "C:\python35\lib\site-packages\selenium\webdriver\remote\errorhandler.py", line 192, in check_response
    raise exception_class(message, screen, stacktrace)
selenium.common.exceptions.NoSuchElementException: Message: An element could not be located on the page using the given search parameters.



        </pre>
    </div>
    <!--css div popup end-->

    </td>
    <td align='center'>
    <a target="_blank" href="" title=" ">
    <img src="..\img.png" height=15 width=15 border=0 /></a>
    </td>
</tr>

<tr id='ft3.2' class='none'>
    <td class='errorCase'><div class='testcase'>test_CommitOrder_shw_tickets: 提交订单页面点击实物卷</div></td>
    <td colspan='5' align='center'>

    <!--css div popup start-->
    <a class="popup_link" onfocus='this.blur();' href="javascript:showTestDetail('div_ft3.2')" >
        error</a>

    <div id='div_ft3.2' class="popup_window">
        <div style='text-align: right; color:red;cursor:pointer'>
        <a onfocus='this.blur();' onclick="document.getElementById('div_ft3.2').style.display = 'none' " >
           [x]</a>
        </div>
        <pre>
        
ft3.2: Traceback (most recent call last):
  File "G:\huipeitongUI\testcase\test3_shopping_cart.py", line 234, in test_CommitOrder_shw_tickets
    '''提交订单页面点击实物卷'''
  File "G:\huipeitongUI\po\public.py", line 43, in shopCarClear
    self.shopcar.click_del_goods()
  File "G:\huipeitongUI\po\shopcarpage.py", line 68, in click_del_goods
    self.find_element(self.del_goods).click()
  File "G:\huipeitongUI\po\basepage.py", line 15, in find_element
    return self._mydriver.find_element(loc[0],loc[1])
  File "C:\python35\lib\site-packages\selenium\webdriver\remote\webdriver.py", line 752, in find_element
    'value': value})['value']
  File "C:\python35\lib\site-packages\selenium\webdriver\remote\webdriver.py", line 236, in execute
    self.error_handler.check_response(response)
  File "C:\python35\lib\site-packages\appium\webdriver\errorhandler.py", line 29, in check_response
    raise wde
  File "C:\python35\lib\site-packages\appium\webdriver\errorhandler.py", line 24, in check_response
    super(MobileErrorHandler, self).check_response(response)
  File "C:\python35\lib\site-packages\selenium\webdriver\remote\errorhandler.py", line 192, in check_response
    raise exception_class(message, screen, stacktrace)
selenium.common.exceptions.NoSuchElementException: Message: An element could not be located on the page using the given search parameters.

Traceback (most recent call last):
  File "G:\huipeitongUI\testcase\test3_shopping_cart.py", line 234, in test_CommitOrder_shw_tickets
    '''提交订单页面点击实物卷'''
  File "G:\huipeitongUI\po\public.py", line 43, in shopCarClear
    self.shopcar.click_del_goods()
  File "G:\huipeitongUI\po\shopcarpage.py", line 68, in click_del_goods
    self.find_element(self.del_goods).click()
  File "G:\huipeitongUI\po\basepage.py", line 15, in find_element
    return self._mydriver.find_element(loc[0],loc[1])
  File "C:\python35\lib\site-packages\selenium\webdriver\remote\webdriver.py", line 752, in find_element
    'value': value})['value']
  File "C:\python35\lib\site-packages\selenium\webdriver\remote\webdriver.py", line 236, in execute
    self.error_handler.check_response(response)
  File "C:\python35\lib\site-packages\appium\webdriver\errorhandler.py", line 29, in check_response
    raise wde
  File "C:\python35\lib\site-packages\appium\webdriver\errorhandler.py", line 24, in check_response
    super(MobileErrorHandler, self).check_response(response)
  File "C:\python35\lib\site-packages\selenium\webdriver\remote\errorhandler.py", line 192, in check_response
    raise exception_class(message, screen, stacktrace)
selenium.common.exceptions.NoSuchElementException: Message: An element could not be located on the page using the given search parameters.



        </pre>
    </div>
    <!--css div popup end-->

    </td>
    <td align='center'>
    <a target="_blank" href="" title=" ">
    <img src="..\img.png" height=15 width=15 border=0 /></a>
    </td>
</tr>

<tr id='ft3.3' class='none'>
    <td class='errorCase'><div class='testcase'>test_CommitOrder_wx_tickets: 提交订单页面点击品牌现金卷</div></td>
    <td colspan='5' align='center'>

    <!--css div popup start-->
    <a class="popup_link" onfocus='this.blur();' href="javascript:showTestDetail('div_ft3.3')" >
        error</a>

    <div id='div_ft3.3' class="popup_window">
        <div style='text-align: right; color:red;cursor:pointer'>
        <a onfocus='this.blur();' onclick="document.getElementById('div_ft3.3').style.display = 'none' " >
           [x]</a>
        </div>
        <pre>
        
ft3.3: Traceback (most recent call last):
  File "G:\huipeitongUI\testcase\test3_shopping_cart.py", line 272, in test_CommitOrder_wx_tickets
    '''提交订单页面点击品牌现金卷'''
  File "G:\huipeitongUI\po\public.py", line 43, in shopCarClear
    self.shopcar.click_del_goods()
  File "G:\huipeitongUI\po\shopcarpage.py", line 68, in click_del_goods
    self.find_element(self.del_goods).click()
  File "G:\huipeitongUI\po\basepage.py", line 15, in find_element
    return self._mydriver.find_element(loc[0],loc[1])
  File "C:\python35\lib\site-packages\selenium\webdriver\remote\webdriver.py", line 752, in find_element
    'value': value})['value']
  File "C:\python35\lib\site-packages\selenium\webdriver\remote\webdriver.py", line 236, in execute
    self.error_handler.check_response(response)
  File "C:\python35\lib\site-packages\appium\webdriver\errorhandler.py", line 29, in check_response
    raise wde
  File "C:\python35\lib\site-packages\appium\webdriver\errorhandler.py", line 24, in check_response
    super(MobileErrorHandler, self).check_response(response)
  File "C:\python35\lib\site-packages\selenium\webdriver\remote\errorhandler.py", line 192, in check_response
    raise exception_class(message, screen, stacktrace)
selenium.common.exceptions.NoSuchElementException: Message: An element could not be located on the page using the given search parameters.

Traceback (most recent call last):
  File "G:\huipeitongUI\testcase\test3_shopping_cart.py", line 272, in test_CommitOrder_wx_tickets
    '''提交订单页面点击品牌现金卷'''
  File "G:\huipeitongUI\po\public.py", line 43, in shopCarClear
    self.shopcar.click_del_goods()
  File "G:\huipeitongUI\po\shopcarpage.py", line 68, in click_del_goods
    self.find_element(self.del_goods).click()
  File "G:\huipeitongUI\po\basepage.py", line 15, in find_element
    return self._mydriver.find_element(loc[0],loc[1])
  File "C:\python35\lib\site-packages\selenium\webdriver\remote\webdriver.py", line 752, in find_element
    'value': value})['value']
  File "C:\python35\lib\site-packages\selenium\webdriver\remote\webdriver.py", line 236, in execute
    self.error_handler.check_response(response)
  File "C:\python35\lib\site-packages\appium\webdriver\errorhandler.py", line 29, in check_response
    raise wde
  File "C:\python35\lib\site-packages\appium\webdriver\errorhandler.py", line 24, in check_response
    super(MobileErrorHandler, self).check_response(response)
  File "C:\python35\lib\site-packages\selenium\webdriver\remote\errorhandler.py", line 192, in check_response
    raise exception_class(message, screen, stacktrace)
selenium.common.exceptions.NoSuchElementException: Message: An element could not be located on the page using the given search parameters.



        </pre>
    </div>
    <!--css div popup end-->

    </td>
    <td align='center'>
    <a target="_blank" href="" title=" ">
    <img src="..\img.png" height=15 width=15 border=0 /></a>
    </td>
</tr>

<tr id='ft3.4' class='none'>
    <td class='errorCase'><div class='testcase'>test_CommitOrder_xj_tickets: 提交订单页面点击品牌现金卷</div></td>
    <td colspan='5' align='center'>

    <!--css div popup start-->
    <a class="popup_link" onfocus='this.blur();' href="javascript:showTestDetail('div_ft3.4')" >
        error</a>

    <div id='div_ft3.4' class="popup_window">
        <div style='text-align: right; color:red;cursor:pointer'>
        <a onfocus='this.blur();' onclick="document.getElementById('div_ft3.4').style.display = 'none' " >
           [x]</a>
        </div>
        <pre>
        
ft3.4: Traceback (most recent call last):
  File "G:\huipeitongUI\testcase\test3_shopping_cart.py", line 292, in test_CommitOrder_xj_tickets
    '''提交订单页面点击品牌现金卷'''
  File "G:\huipeitongUI\po\public.py", line 43, in shopCarClear
    self.shopcar.click_del_goods()
  File "G:\huipeitongUI\po\shopcarpage.py", line 68, in click_del_goods
    self.find_element(self.del_goods).click()
  File "G:\huipeitongUI\po\basepage.py", line 15, in find_element
    return self._mydriver.find_element(loc[0],loc[1])
  File "C:\python35\lib\site-packages\selenium\webdriver\remote\webdriver.py", line 752, in find_element
    'value': value})['value']
  File "C:\python35\lib\site-packages\selenium\webdriver\remote\webdriver.py", line 236, in execute
    self.error_handler.check_response(response)
  File "C:\python35\lib\site-packages\appium\webdriver\errorhandler.py", line 29, in check_response
    raise wde
  File "C:\python35\lib\site-packages\appium\webdriver\errorhandler.py", line 24, in check_response
    super(MobileErrorHandler, self).check_response(response)
  File "C:\python35\lib\site-packages\selenium\webdriver\remote\errorhandler.py", line 192, in check_response
    raise exception_class(message, screen, stacktrace)
selenium.common.exceptions.NoSuchElementException: Message: An element could not be located on the page using the given search parameters.

Traceback (most recent call last):
  File "G:\huipeitongUI\testcase\test3_shopping_cart.py", line 292, in test_CommitOrder_xj_tickets
    '''提交订单页面点击品牌现金卷'''
  File "G:\huipeitongUI\po\public.py", line 43, in shopCarClear
    self.shopcar.click_del_goods()
  File "G:\huipeitongUI\po\shopcarpage.py", line 68, in click_del_goods
    self.find_element(self.del_goods).click()
  File "G:\huipeitongUI\po\basepage.py", line 15, in find_element
    return self._mydriver.find_element(loc[0],loc[1])
  File "C:\python35\lib\site-packages\selenium\webdriver\remote\webdriver.py", line 752, in find_element
    'value': value})['value']
  File "C:\python35\lib\site-packages\selenium\webdriver\remote\webdriver.py", line 236, in execute
    self.error_handler.check_response(response)
  File "C:\python35\lib\site-packages\appium\webdriver\errorhandler.py", line 29, in check_response
    raise wde
  File "C:\python35\lib\site-packages\appium\webdriver\errorhandler.py", line 24, in check_response
    super(MobileErrorHandler, self).check_response(response)
  File "C:\python35\lib\site-packages\selenium\webdriver\remote\errorhandler.py", line 192, in check_response
    raise exception_class(message, screen, stacktrace)
selenium.common.exceptions.NoSuchElementException: Message: An element could not be located on the page using the given search parameters.



        </pre>
    </div>
    <!--css div popup end-->

    </td>
    <td align='center'>
    <a target="_blank" href="" title=" ">
    <img src="..\img.png" height=15 width=15 border=0 /></a>
    </td>
</tr>

<tr id='ft3.5' class='none'>
    <td class='errorCase'><div class='testcase'>test_commitOrder_backup_shopcar: 提交订单页面返回至购物车页面</div></td>
    <td colspan='5' align='center'>

    <!--css div popup start-->
    <a class="popup_link" onfocus='this.blur();' href="javascript:showTestDetail('div_ft3.5')" >
        error</a>

    <div id='div_ft3.5' class="popup_window">
        <div style='text-align: right; color:red;cursor:pointer'>
        <a onfocus='this.blur();' onclick="document.getElementById('div_ft3.5').style.display = 'none' " >
           [x]</a>
        </div>
        <pre>
        
ft3.5: Traceback (most recent call last):
  File "G:\huipeitongUI\testcase\test3_shopping_cart.py", line 338, in test_commitOrder_backup_shopcar
    '''提交订单页面返回至购物车页面'''
  File "G:\huipeitongUI\po\public.py", line 43, in shopCarClear
    self.shopcar.click_del_goods()
  File "G:\huipeitongUI\po\shopcarpage.py", line 68, in click_del_goods
    self.find_element(self.del_goods).click()
  File "G:\huipeitongUI\po\basepage.py", line 15, in find_element
    return self._mydriver.find_element(loc[0],loc[1])
  File "C:\python35\lib\site-packages\selenium\webdriver\remote\webdriver.py", line 752, in find_element
    'value': value})['value']
  File "C:\python35\lib\site-packages\selenium\webdriver\remote\webdriver.py", line 236, in execute
    self.error_handler.check_response(response)
  File "C:\python35\lib\site-packages\appium\webdriver\errorhandler.py", line 29, in check_response
    raise wde
  File "C:\python35\lib\site-packages\appium\webdriver\errorhandler.py", line 24, in check_response
    super(MobileErrorHandler, self).check_response(response)
  File "C:\python35\lib\site-packages\selenium\webdriver\remote\errorhandler.py", line 192, in check_response
    raise exception_class(message, screen, stacktrace)
selenium.common.exceptions.NoSuchElementException: Message: An element could not be located on the page using the given search parameters.

Traceback (most recent call last):
  File "G:\huipeitongUI\testcase\test3_shopping_cart.py", line 338, in test_commitOrder_backup_shopcar
    '''提交订单页面返回至购物车页面'''
  File "G:\huipeitongUI\po\public.py", line 43, in shopCarClear
    self.shopcar.click_del_goods()
  File "G:\huipeitongUI\po\shopcarpage.py", line 68, in click_del_goods
    self.find_element(self.del_goods).click()
  File "G:\huipeitongUI\po\basepage.py", line 15, in find_element
    return self._mydriver.find_element(loc[0],loc[1])
  File "C:\python35\lib\site-packages\selenium\webdriver\remote\webdriver.py", line 752, in find_element
    'value': value})['value']
  File "C:\python35\lib\site-packages\selenium\webdriver\remote\webdriver.py", line 236, in execute
    self.error_handler.check_response(response)
  File "C:\python35\lib\site-packages\appium\webdriver\errorhandler.py", line 29, in check_response
    raise wde
  File "C:\python35\lib\site-packages\appium\webdriver\errorhandler.py", line 24, in check_response
    super(MobileErrorHandler, self).check_response(response)
  File "C:\python35\lib\site-packages\selenium\webdriver\remote\errorhandler.py", line 192, in check_response
    raise exception_class(message, screen, stacktrace)
selenium.common.exceptions.NoSuchElementException: Message: An element could not be located on the page using the given search parameters.



        </pre>
    </div>
    <!--css div popup end-->

    </td>
    <td align='center'>
    <a target="_blank" href="" title=" ">
    <img src="..\img.png" height=15 width=15 border=0 /></a>
    </td>
</tr>

<tr id='ft3.6' class='none'>
    <td class='errorCase'><div class='testcase'>test_payOrder: 余额支付订单</div></td>
    <td colspan='5' align='center'>

    <!--css div popup start-->
    <a class="popup_link" onfocus='this.blur();' href="javascript:showTestDetail('div_ft3.6')" >
        error</a>

    <div id='div_ft3.6' class="popup_window">
        <div style='text-align: right; color:red;cursor:pointer'>
        <a onfocus='this.blur();' onclick="document.getElementById('div_ft3.6').style.display = 'none' " >
           [x]</a>
        </div>
        <pre>
        
ft3.6: Traceback (most recent call last):
  File "G:\huipeitongUI\testcase\test3_shopping_cart.py", line 120, in test_payOrder
    '''余额支付订单'''
  File "G:\huipeitongUI\po\public.py", line 43, in shopCarClear
    self.shopcar.click_del_goods()
  File "G:\huipeitongUI\po\shopcarpage.py", line 68, in click_del_goods
    self.find_element(self.del_goods).click()
  File "G:\huipeitongUI\po\basepage.py", line 15, in find_element
    return self._mydriver.find_element(loc[0],loc[1])
  File "C:\python35\lib\site-packages\selenium\webdriver\remote\webdriver.py", line 752, in find_element
    'value': value})['value']
  File "C:\python35\lib\site-packages\selenium\webdriver\remote\webdriver.py", line 236, in execute
    self.error_handler.check_response(response)
  File "C:\python35\lib\site-packages\appium\webdriver\errorhandler.py", line 29, in check_response
    raise wde
  File "C:\python35\lib\site-packages\appium\webdriver\errorhandler.py", line 24, in check_response
    super(MobileErrorHandler, self).check_response(response)
  File "C:\python35\lib\site-packages\selenium\webdriver\remote\errorhandler.py", line 192, in check_response
    raise exception_class(message, screen, stacktrace)
selenium.common.exceptions.NoSuchElementException: Message: An element could not be located on the page using the given search parameters.

Traceback (most recent call last):
  File "G:\huipeitongUI\testcase\test3_shopping_cart.py", line 120, in test_payOrder
    '''余额支付订单'''
  File "G:\huipeitongUI\po\public.py", line 43, in shopCarClear
    self.shopcar.click_del_goods()
  File "G:\huipeitongUI\po\shopcarpage.py", line 68, in click_del_goods
    self.find_element(self.del_goods).click()
  File "G:\huipeitongUI\po\basepage.py", line 15, in find_element
    return self._mydriver.find_element(loc[0],loc[1])
  File "C:\python35\lib\site-packages\selenium\webdriver\remote\webdriver.py", line 752, in find_element
    'value': value})['value']
  File "C:\python35\lib\site-packages\selenium\webdriver\remote\webdriver.py", line 236, in execute
    self.error_handler.check_response(response)
  File "C:\python35\lib\site-packages\appium\webdriver\errorhandler.py", line 29, in check_response
    raise wde
  File "C:\python35\lib\site-packages\appium\webdriver\errorhandler.py", line 24, in check_response
    super(MobileErrorHandler, self).check_response(response)
  File "C:\python35\lib\site-packages\selenium\webdriver\remote\errorhandler.py", line 192, in check_response
    raise exception_class(message, screen, stacktrace)
selenium.common.exceptions.NoSuchElementException: Message: An element could not be located on the page using the given search parameters.



        </pre>
    </div>
    <!--css div popup end-->

    </td>
    <td align='center'>
    <a target="_blank" href="" title=" ">
    <img src="..\img.png" height=15 width=15 border=0 /></a>
    </td>
</tr>

<tr id='ft3.7' class='none'>
    <td class='errorCase'><div class='testcase'>test_payOrderhdf: 货到付款</div></td>
    <td colspan='5' align='center'>

    <!--css div popup start-->
    <a class="popup_link" onfocus='this.blur();' href="javascript:showTestDetail('div_ft3.7')" >
        error</a>

    <div id='div_ft3.7' class="popup_window">
        <div style='text-align: right; color:red;cursor:pointer'>
        <a onfocus='this.blur();' onclick="document.getElementById('div_ft3.7').style.display = 'none' " >
           [x]</a>
        </div>
        <pre>
        
ft3.7: Traceback (most recent call last):
  File "G:\huipeitongUI\testcase\test3_shopping_cart.py", line 190, in test_payOrderhdf
    '''货到付款'''
  File "G:\huipeitongUI\po\public.py", line 43, in shopCarClear
    self.shopcar.click_del_goods()
  File "G:\huipeitongUI\po\shopcarpage.py", line 68, in click_del_goods
    self.find_element(self.del_goods).click()
  File "G:\huipeitongUI\po\basepage.py", line 15, in find_element
    return self._mydriver.find_element(loc[0],loc[1])
  File "C:\python35\lib\site-packages\selenium\webdriver\remote\webdriver.py", line 752, in find_element
    'value': value})['value']
  File "C:\python35\lib\site-packages\selenium\webdriver\remote\webdriver.py", line 236, in execute
    self.error_handler.check_response(response)
  File "C:\python35\lib\site-packages\appium\webdriver\errorhandler.py", line 29, in check_response
    raise wde
  File "C:\python35\lib\site-packages\appium\webdriver\errorhandler.py", line 24, in check_response
    super(MobileErrorHandler, self).check_response(response)
  File "C:\python35\lib\site-packages\selenium\webdriver\remote\errorhandler.py", line 192, in check_response
    raise exception_class(message, screen, stacktrace)
selenium.common.exceptions.NoSuchElementException: Message: An element could not be located on the page using the given search parameters.

Traceback (most recent call last):
  File "G:\huipeitongUI\testcase\test3_shopping_cart.py", line 190, in test_payOrderhdf
    '''货到付款'''
  File "G:\huipeitongUI\po\public.py", line 43, in shopCarClear
    self.shopcar.click_del_goods()
  File "G:\huipeitongUI\po\shopcarpage.py", line 68, in click_del_goods
    self.find_element(self.del_goods).click()
  File "G:\huipeitongUI\po\basepage.py", line 15, in find_element
    return self._mydriver.find_element(loc[0],loc[1])
  File "C:\python35\lib\site-packages\selenium\webdriver\remote\webdriver.py", line 752, in find_element
    'value': value})['value']
  File "C:\python35\lib\site-packages\selenium\webdriver\remote\webdriver.py", line 236, in execute
    self.error_handler.check_response(response)
  File "C:\python35\lib\site-packages\appium\webdriver\errorhandler.py", line 29, in check_response
    raise wde
  File "C:\python35\lib\site-packages\appium\webdriver\errorhandler.py", line 24, in check_response
    super(MobileErrorHandler, self).check_response(response)
  File "C:\python35\lib\site-packages\selenium\webdriver\remote\errorhandler.py", line 192, in check_response
    raise exception_class(message, screen, stacktrace)
selenium.common.exceptions.NoSuchElementException: Message: An element could not be located on the page using the given search parameters.



        </pre>
    </div>
    <!--css div popup end-->

    </td>
    <td align='center'>
    <a target="_blank" href="" title=" ">
    <img src="..\img.png" height=15 width=15 border=0 /></a>
    </td>
</tr>

<tr id='ft3.8' class='none'>
    <td class='errorCase'><div class='testcase'>test_payOrderwx: 进入微信支付页面</div></td>
    <td colspan='5' align='center'>

    <!--css div popup start-->
    <a class="popup_link" onfocus='this.blur();' href="javascript:showTestDetail('div_ft3.8')" >
        error</a>

    <div id='div_ft3.8' class="popup_window">
        <div style='text-align: right; color:red;cursor:pointer'>
        <a onfocus='this.blur();' onclick="document.getElementById('div_ft3.8').style.display = 'none' " >
           [x]</a>
        </div>
        <pre>
        
ft3.8: Traceback (most recent call last):
  File "G:\huipeitongUI\testcase\test3_shopping_cart.py", line 170, in test_payOrderwx
    '''进入微信支付页面'''
  File "G:\huipeitongUI\po\public.py", line 43, in shopCarClear
    self.shopcar.click_del_goods()
  File "G:\huipeitongUI\po\shopcarpage.py", line 68, in click_del_goods
    self.find_element(self.del_goods).click()
  File "G:\huipeitongUI\po\basepage.py", line 15, in find_element
    return self._mydriver.find_element(loc[0],loc[1])
  File "C:\python35\lib\site-packages\selenium\webdriver\remote\webdriver.py", line 752, in find_element
    'value': value})['value']
  File "C:\python35\lib\site-packages\selenium\webdriver\remote\webdriver.py", line 236, in execute
    self.error_handler.check_response(response)
  File "C:\python35\lib\site-packages\appium\webdriver\errorhandler.py", line 29, in check_response
    raise wde
  File "C:\python35\lib\site-packages\appium\webdriver\errorhandler.py", line 24, in check_response
    super(MobileErrorHandler, self).check_response(response)
  File "C:\python35\lib\site-packages\selenium\webdriver\remote\errorhandler.py", line 192, in check_response
    raise exception_class(message, screen, stacktrace)
selenium.common.exceptions.NoSuchElementException: Message: An element could not be located on the page using the given search parameters.

Traceback (most recent call last):
  File "G:\huipeitongUI\testcase\test3_shopping_cart.py", line 170, in test_payOrderwx
    '''进入微信支付页面'''
  File "G:\huipeitongUI\po\public.py", line 43, in shopCarClear
    self.shopcar.click_del_goods()
  File "G:\huipeitongUI\po\shopcarpage.py", line 68, in click_del_goods
    self.find_element(self.del_goods).click()
  File "G:\huipeitongUI\po\basepage.py", line 15, in find_element
    return self._mydriver.find_element(loc[0],loc[1])
  File "C:\python35\lib\site-packages\selenium\webdriver\remote\webdriver.py", line 752, in find_element
    'value': value})['value']
  File "C:\python35\lib\site-packages\selenium\webdriver\remote\webdriver.py", line 236, in execute
    self.error_handler.check_response(response)
  File "C:\python35\lib\site-packages\appium\webdriver\errorhandler.py", line 29, in check_response
    raise wde
  File "C:\python35\lib\site-packages\appium\webdriver\errorhandler.py", line 24, in check_response
    super(MobileErrorHandler, self).check_response(response)
  File "C:\python35\lib\site-packages\selenium\webdriver\remote\errorhandler.py", line 192, in check_response
    raise exception_class(message, screen, stacktrace)
selenium.common.exceptions.NoSuchElementException: Message: An element could not be located on the page using the given search parameters.



        </pre>
    </div>
    <!--css div popup end-->

    </td>
    <td align='center'>
    <a target="_blank" href="" title=" ">
    <img src="..\img.png" height=15 width=15 border=0 /></a>
    </td>
</tr>

<tr id='ft3.9' class='none'>
    <td class='errorCase'><div class='testcase'>test_payOrderzfb: 进入支付宝支付页面</div></td>
    <td colspan='5' align='center'>

    <!--css div popup start-->
    <a class="popup_link" onfocus='this.blur();' href="javascript:showTestDetail('div_ft3.9')" >
        error</a>

    <div id='div_ft3.9' class="popup_window">
        <div style='text-align: right; color:red;cursor:pointer'>
        <a onfocus='this.blur();' onclick="document.getElementById('div_ft3.9').style.display = 'none' " >
           [x]</a>
        </div>
        <pre>
        
ft3.9: Traceback (most recent call last):
  File "G:\huipeitongUI\testcase\test3_shopping_cart.py", line 149, in test_payOrderzfb
    '''进入支付宝支付页面'''
  File "G:\huipeitongUI\po\public.py", line 43, in shopCarClear
    self.shopcar.click_del_goods()
  File "G:\huipeitongUI\po\shopcarpage.py", line 68, in click_del_goods
    self.find_element(self.del_goods).click()
  File "G:\huipeitongUI\po\basepage.py", line 15, in find_element
    return self._mydriver.find_element(loc[0],loc[1])
  File "C:\python35\lib\site-packages\selenium\webdriver\remote\webdriver.py", line 752, in find_element
    'value': value})['value']
  File "C:\python35\lib\site-packages\selenium\webdriver\remote\webdriver.py", line 236, in execute
    self.error_handler.check_response(response)
  File "C:\python35\lib\site-packages\appium\webdriver\errorhandler.py", line 29, in check_response
    raise wde
  File "C:\python35\lib\site-packages\appium\webdriver\errorhandler.py", line 24, in check_response
    super(MobileErrorHandler, self).check_response(response)
  File "C:\python35\lib\site-packages\selenium\webdriver\remote\errorhandler.py", line 192, in check_response
    raise exception_class(message, screen, stacktrace)
selenium.common.exceptions.NoSuchElementException: Message: An element could not be located on the page using the given search parameters.

Traceback (most recent call last):
  File "G:\huipeitongUI\testcase\test3_shopping_cart.py", line 149, in test_payOrderzfb
    '''进入支付宝支付页面'''
  File "G:\huipeitongUI\po\public.py", line 43, in shopCarClear
    self.shopcar.click_del_goods()
  File "G:\huipeitongUI\po\shopcarpage.py", line 68, in click_del_goods
    self.find_element(self.del_goods).click()
  File "G:\huipeitongUI\po\basepage.py", line 15, in find_element
    return self._mydriver.find_element(loc[0],loc[1])
  File "C:\python35\lib\site-packages\selenium\webdriver\remote\webdriver.py", line 752, in find_element
    'value': value})['value']
  File "C:\python35\lib\site-packages\selenium\webdriver\remote\webdriver.py", line 236, in execute
    self.error_handler.check_response(response)
  File "C:\python35\lib\site-packages\appium\webdriver\errorhandler.py", line 29, in check_response
    raise wde
  File "C:\python35\lib\site-packages\appium\webdriver\errorhandler.py", line 24, in check_response
    super(MobileErrorHandler, self).check_response(response)
  File "C:\python35\lib\site-packages\selenium\webdriver\remote\errorhandler.py", line 192, in check_response
    raise exception_class(message, screen, stacktrace)
selenium.common.exceptions.NoSuchElementException: Message: An element could not be located on the page using the given search parameters.



        </pre>
    </div>
    <!--css div popup end-->

    </td>
    <td align='center'>
    <a target="_blank" href="" title=" ">
    <img src="..\img.png" height=15 width=15 border=0 /></a>
    </td>
</tr>

<tr id='ft3.10' class='none'>
    <td class='errorCase'><div class='testcase'>test_payorder_backup_shopcar: 支付选择页面返回至购物车页面</div></td>
    <td colspan='5' align='center'>

    <!--css div popup start-->
    <a class="popup_link" onfocus='this.blur();' href="javascript:showTestDetail('div_ft3.10')" >
        error</a>

    <div id='div_ft3.10' class="popup_window">
        <div style='text-align: right; color:red;cursor:pointer'>
        <a onfocus='this.blur();' onclick="document.getElementById('div_ft3.10').style.display = 'none' " >
           [x]</a>
        </div>
        <pre>
        
ft3.10: Traceback (most recent call last):
  File "G:\huipeitongUI\testcase\test3_shopping_cart.py", line 354, in test_payorder_backup_shopcar
    '''支付选择页面返回至购物车页面'''
  File "G:\huipeitongUI\po\public.py", line 43, in shopCarClear
    self.shopcar.click_del_goods()
  File "G:\huipeitongUI\po\shopcarpage.py", line 68, in click_del_goods
    self.find_element(self.del_goods).click()
  File "G:\huipeitongUI\po\basepage.py", line 15, in find_element
    return self._mydriver.find_element(loc[0],loc[1])
  File "C:\python35\lib\site-packages\selenium\webdriver\remote\webdriver.py", line 752, in find_element
    'value': value})['value']
  File "C:\python35\lib\site-packages\selenium\webdriver\remote\webdriver.py", line 236, in execute
    self.error_handler.check_response(response)
  File "C:\python35\lib\site-packages\appium\webdriver\errorhandler.py", line 29, in check_response
    raise wde
  File "C:\python35\lib\site-packages\appium\webdriver\errorhandler.py", line 24, in check_response
    super(MobileErrorHandler, self).check_response(response)
  File "C:\python35\lib\site-packages\selenium\webdriver\remote\errorhandler.py", line 192, in check_response
    raise exception_class(message, screen, stacktrace)
selenium.common.exceptions.NoSuchElementException: Message: An element could not be located on the page using the given search parameters.

Traceback (most recent call last):
  File "G:\huipeitongUI\testcase\test3_shopping_cart.py", line 354, in test_payorder_backup_shopcar
    '''支付选择页面返回至购物车页面'''
  File "G:\huipeitongUI\po\public.py", line 43, in shopCarClear
    self.shopcar.click_del_goods()
  File "G:\huipeitongUI\po\shopcarpage.py", line 68, in click_del_goods
    self.find_element(self.del_goods).click()
  File "G:\huipeitongUI\po\basepage.py", line 15, in find_element
    return self._mydriver.find_element(loc[0],loc[1])
  File "C:\python35\lib\site-packages\selenium\webdriver\remote\webdriver.py", line 752, in find_element
    'value': value})['value']
  File "C:\python35\lib\site-packages\selenium\webdriver\remote\webdriver.py", line 236, in execute
    self.error_handler.check_response(response)
  File "C:\python35\lib\site-packages\appium\webdriver\errorhandler.py", line 29, in check_response
    raise wde
  File "C:\python35\lib\site-packages\appium\webdriver\errorhandler.py", line 24, in check_response
    super(MobileErrorHandler, self).check_response(response)
  File "C:\python35\lib\site-packages\selenium\webdriver\remote\errorhandler.py", line 192, in check_response
    raise exception_class(message, screen, stacktrace)
selenium.common.exceptions.NoSuchElementException: Message: An element could not be located on the page using the given search parameters.



        </pre>
    </div>
    <!--css div popup end-->

    </td>
    <td align='center'>
    <a target="_blank" href="" title=" ">
    <img src="..\img.png" height=15 width=15 border=0 /></a>
    </td>
</tr>

<tr id='ft3.11' class='none'>
    <td class='errorCase'><div class='testcase'>test_payorder_comment: 提交订单页面填写备注支付</div></td>
    <td colspan='5' align='center'>

    <!--css div popup start-->
    <a class="popup_link" onfocus='this.blur();' href="javascript:showTestDetail('div_ft3.11')" >
        error</a>

    <div id='div_ft3.11' class="popup_window">
        <div style='text-align: right; color:red;cursor:pointer'>
        <a onfocus='this.blur();' onclick="document.getElementById('div_ft3.11').style.display = 'none' " >
           [x]</a>
        </div>
        <pre>
        
ft3.11: Traceback (most recent call last):
  File "G:\huipeitongUI\testcase\test3_shopping_cart.py", line 312, in test_payorder_comment
    '''提交订单页面填写备注支付'''
  File "G:\huipeitongUI\po\public.py", line 43, in shopCarClear
    self.shopcar.click_del_goods()
  File "G:\huipeitongUI\po\shopcarpage.py", line 68, in click_del_goods
    self.find_element(self.del_goods).click()
  File "G:\huipeitongUI\po\basepage.py", line 15, in find_element
    return self._mydriver.find_element(loc[0],loc[1])
  File "C:\python35\lib\site-packages\selenium\webdriver\remote\webdriver.py", line 752, in find_element
    'value': value})['value']
  File "C:\python35\lib\site-packages\selenium\webdriver\remote\webdriver.py", line 236, in execute
    self.error_handler.check_response(response)
  File "C:\python35\lib\site-packages\appium\webdriver\errorhandler.py", line 29, in check_response
    raise wde
  File "C:\python35\lib\site-packages\appium\webdriver\errorhandler.py", line 24, in check_response
    super(MobileErrorHandler, self).check_response(response)
  File "C:\python35\lib\site-packages\selenium\webdriver\remote\errorhandler.py", line 192, in check_response
    raise exception_class(message, screen, stacktrace)
selenium.common.exceptions.NoSuchElementException: Message: An element could not be located on the page using the given search parameters.

Traceback (most recent call last):
  File "G:\huipeitongUI\testcase\test3_shopping_cart.py", line 312, in test_payorder_comment
    '''提交订单页面填写备注支付'''
  File "G:\huipeitongUI\po\public.py", line 43, in shopCarClear
    self.shopcar.click_del_goods()
  File "G:\huipeitongUI\po\shopcarpage.py", line 68, in click_del_goods
    self.find_element(self.del_goods).click()
  File "G:\huipeitongUI\po\basepage.py", line 15, in find_element
    return self._mydriver.find_element(loc[0],loc[1])
  File "C:\python35\lib\site-packages\selenium\webdriver\remote\webdriver.py", line 752, in find_element
    'value': value})['value']
  File "C:\python35\lib\site-packages\selenium\webdriver\remote\webdriver.py", line 236, in execute
    self.error_handler.check_response(response)
  File "C:\python35\lib\site-packages\appium\webdriver\errorhandler.py", line 29, in check_response
    raise wde
  File "C:\python35\lib\site-packages\appium\webdriver\errorhandler.py", line 24, in check_response
    super(MobileErrorHandler, self).check_response(response)
  File "C:\python35\lib\site-packages\selenium\webdriver\remote\errorhandler.py", line 192, in check_response
    raise exception_class(message, screen, stacktrace)
selenium.common.exceptions.NoSuchElementException: Message: An element could not be located on the page using the given search parameters.



        </pre>
    </div>
    <!--css div popup end-->

    </td>
    <td align='center'>
    <a target="_blank" href="" title=" ">
    <img src="..\img.png" height=15 width=15 border=0 /></a>
    </td>
</tr>

<tr id='ft3.12' class='none'>
    <td class='errorCase'><div class='testcase'>test_shopCarGoodsdetails: 从购物车页面进入商品详情页</div></td>
    <td colspan='5' align='center'>

    <!--css div popup start-->
    <a class="popup_link" onfocus='this.blur();' href="javascript:showTestDetail('div_ft3.12')" >
        error</a>

    <div id='div_ft3.12' class="popup_window">
        <div style='text-align: right; color:red;cursor:pointer'>
        <a onfocus='this.blur();' onclick="document.getElementById('div_ft3.12').style.display = 'none' " >
           [x]</a>
        </div>
        <pre>
        
ft3.12: Traceback (most recent call last):
  File "G:\huipeitongUI\testcase\test3_shopping_cart.py", line 215, in test_shopCarGoodsdetails
    '''从购物车页面进入商品详情页'''
  File "G:\huipeitongUI\po\public.py", line 43, in shopCarClear
    self.shopcar.click_del_goods()
  File "G:\huipeitongUI\po\shopcarpage.py", line 68, in click_del_goods
    self.find_element(self.del_goods).click()
  File "G:\huipeitongUI\po\basepage.py", line 15, in find_element
    return self._mydriver.find_element(loc[0],loc[1])
  File "C:\python35\lib\site-packages\selenium\webdriver\remote\webdriver.py", line 752, in find_element
    'value': value})['value']
  File "C:\python35\lib\site-packages\selenium\webdriver\remote\webdriver.py", line 236, in execute
    self.error_handler.check_response(response)
  File "C:\python35\lib\site-packages\appium\webdriver\errorhandler.py", line 29, in check_response
    raise wde
  File "C:\python35\lib\site-packages\appium\webdriver\errorhandler.py", line 24, in check_response
    super(MobileErrorHandler, self).check_response(response)
  File "C:\python35\lib\site-packages\selenium\webdriver\remote\errorhandler.py", line 192, in check_response
    raise exception_class(message, screen, stacktrace)
selenium.common.exceptions.NoSuchElementException: Message: An element could not be located on the page using the given search parameters.

Traceback (most recent call last):
  File "G:\huipeitongUI\testcase\test3_shopping_cart.py", line 215, in test_shopCarGoodsdetails
    '''从购物车页面进入商品详情页'''
  File "G:\huipeitongUI\po\public.py", line 43, in shopCarClear
    self.shopcar.click_del_goods()
  File "G:\huipeitongUI\po\shopcarpage.py", line 68, in click_del_goods
    self.find_element(self.del_goods).click()
  File "G:\huipeitongUI\po\basepage.py", line 15, in find_element
    return self._mydriver.find_element(loc[0],loc[1])
  File "C:\python35\lib\site-packages\selenium\webdriver\remote\webdriver.py", line 752, in find_element
    'value': value})['value']
  File "C:\python35\lib\site-packages\selenium\webdriver\remote\webdriver.py", line 236, in execute
    self.error_handler.check_response(response)
  File "C:\python35\lib\site-packages\appium\webdriver\errorhandler.py", line 29, in check_response
    raise wde
  File "C:\python35\lib\site-packages\appium\webdriver\errorhandler.py", line 24, in check_response
    super(MobileErrorHandler, self).check_response(response)
  File "C:\python35\lib\site-packages\selenium\webdriver\remote\errorhandler.py", line 192, in check_response
    raise exception_class(message, screen, stacktrace)
selenium.common.exceptions.NoSuchElementException: Message: An element could not be located on the page using the given search parameters.



        </pre>
    </div>
    <!--css div popup end-->

    </td>
    <td align='center'>
    <a target="_blank" href="" title=" ">
    <img src="..\img.png" height=15 width=15 border=0 /></a>
    </td>
</tr>

<tr id='ft3.13' class='none'>
    <td class='errorCase'><div class='testcase'>test_shopCarRecommend: 进入购物车推荐商品详情页</div></td>
    <td colspan='5' align='center'>

    <!--css div popup start-->
    <a class="popup_link" onfocus='this.blur();' href="javascript:showTestDetail('div_ft3.13')" >
        error</a>

    <div id='div_ft3.13' class="popup_window">
        <div style='text-align: right; color:red;cursor:pointer'>
        <a onfocus='this.blur();' onclick="document.getElementById('div_ft3.13').style.display = 'none' " >
           [x]</a>
        </div>
        <pre>
        
ft3.13: Traceback (most recent call last):
  File "G:\huipeitongUI\testcase\test3_shopping_cart.py", line 228, in test_shopCarRecommend
    '''进入购物车推荐商品详情页'''
  File "G:\huipeitongUI\po\public.py", line 43, in shopCarClear
    self.shopcar.click_del_goods()
  File "G:\huipeitongUI\po\shopcarpage.py", line 68, in click_del_goods
    self.find_element(self.del_goods).click()
  File "G:\huipeitongUI\po\basepage.py", line 15, in find_element
    return self._mydriver.find_element(loc[0],loc[1])
  File "C:\python35\lib\site-packages\selenium\webdriver\remote\webdriver.py", line 752, in find_element
    'value': value})['value']
  File "C:\python35\lib\site-packages\selenium\webdriver\remote\webdriver.py", line 236, in execute
    self.error_handler.check_response(response)
  File "C:\python35\lib\site-packages\appium\webdriver\errorhandler.py", line 29, in check_response
    raise wde
  File "C:\python35\lib\site-packages\appium\webdriver\errorhandler.py", line 24, in check_response
    super(MobileErrorHandler, self).check_response(response)
  File "C:\python35\lib\site-packages\selenium\webdriver\remote\errorhandler.py", line 192, in check_response
    raise exception_class(message, screen, stacktrace)
selenium.common.exceptions.NoSuchElementException: Message: An element could not be located on the page using the given search parameters.

Traceback (most recent call last):
  File "G:\huipeitongUI\testcase\test3_shopping_cart.py", line 228, in test_shopCarRecommend
    '''进入购物车推荐商品详情页'''
  File "G:\huipeitongUI\po\public.py", line 43, in shopCarClear
    self.shopcar.click_del_goods()
  File "G:\huipeitongUI\po\shopcarpage.py", line 68, in click_del_goods
    self.find_element(self.del_goods).click()
  File "G:\huipeitongUI\po\basepage.py", line 15, in find_element
    return self._mydriver.find_element(loc[0],loc[1])
  File "C:\python35\lib\site-packages\selenium\webdriver\remote\webdriver.py", line 752, in find_element
    'value': value})['value']
  File "C:\python35\lib\site-packages\selenium\webdriver\remote\webdriver.py", line 236, in execute
    self.error_handler.check_response(response)
  File "C:\python35\lib\site-packages\appium\webdriver\errorhandler.py", line 29, in check_response
    raise wde
  File "C:\python35\lib\site-packages\appium\webdriver\errorhandler.py", line 24, in check_response
    super(MobileErrorHandler, self).check_response(response)
  File "C:\python35\lib\site-packages\selenium\webdriver\remote\errorhandler.py", line 192, in check_response
    raise exception_class(message, screen, stacktrace)
selenium.common.exceptions.NoSuchElementException: Message: An element could not be located on the page using the given search parameters.



        </pre>
    </div>
    <!--css div popup end-->

    </td>
    <td align='center'>
    <a target="_blank" href="" title=" ">
    <img src="..\img.png" height=15 width=15 border=0 /></a>
    </td>
</tr>

<tr id='ft3.14' class='none'>
    <td class='errorCase'><div class='testcase'>test_shopCarUpdate: 增加、减少购物车中商品数量</div></td>
    <td colspan='5' align='center'>

    <!--css div popup start-->
    <a class="popup_link" onfocus='this.blur();' href="javascript:showTestDetail('div_ft3.14')" >
        error</a>

    <div id='div_ft3.14' class="popup_window">
        <div style='text-align: right; color:red;cursor:pointer'>
        <a onfocus='this.blur();' onclick="document.getElementById('div_ft3.14').style.display = 'none' " >
           [x]</a>
        </div>
        <pre>
        
ft3.14: Traceback (most recent call last):
  File "G:\huipeitongUI\testcase\test3_shopping_cart.py", line 95, in test_shopCarUpdate
    '''增加、减少购物车中商品数量'''
  File "G:\huipeitongUI\po\public.py", line 43, in shopCarClear
    self.shopcar.click_del_goods()
  File "G:\huipeitongUI\po\shopcarpage.py", line 68, in click_del_goods
    self.find_element(self.del_goods).click()
  File "G:\huipeitongUI\po\basepage.py", line 15, in find_element
    return self._mydriver.find_element(loc[0],loc[1])
  File "C:\python35\lib\site-packages\selenium\webdriver\remote\webdriver.py", line 752, in find_element
    'value': value})['value']
  File "C:\python35\lib\site-packages\selenium\webdriver\remote\webdriver.py", line 236, in execute
    self.error_handler.check_response(response)
  File "C:\python35\lib\site-packages\appium\webdriver\errorhandler.py", line 29, in check_response
    raise wde
  File "C:\python35\lib\site-packages\appium\webdriver\errorhandler.py", line 24, in check_response
    super(MobileErrorHandler, self).check_response(response)
  File "C:\python35\lib\site-packages\selenium\webdriver\remote\errorhandler.py", line 192, in check_response
    raise exception_class(message, screen, stacktrace)
selenium.common.exceptions.NoSuchElementException: Message: An element could not be located on the page using the given search parameters.

Traceback (most recent call last):
  File "G:\huipeitongUI\testcase\test3_shopping_cart.py", line 95, in test_shopCarUpdate
    '''增加、减少购物车中商品数量'''
  File "G:\huipeitongUI\po\public.py", line 43, in shopCarClear
    self.shopcar.click_del_goods()
  File "G:\huipeitongUI\po\shopcarpage.py", line 68, in click_del_goods
    self.find_element(self.del_goods).click()
  File "G:\huipeitongUI\po\basepage.py", line 15, in find_element
    return self._mydriver.find_element(loc[0],loc[1])
  File "C:\python35\lib\site-packages\selenium\webdriver\remote\webdriver.py", line 752, in find_element
    'value': value})['value']
  File "C:\python35\lib\site-packages\selenium\webdriver\remote\webdriver.py", line 236, in execute
    self.error_handler.check_response(response)
  File "C:\python35\lib\site-packages\appium\webdriver\errorhandler.py", line 29, in check_response
    raise wde
  File "C:\python35\lib\site-packages\appium\webdriver\errorhandler.py", line 24, in check_response
    super(MobileErrorHandler, self).check_response(response)
  File "C:\python35\lib\site-packages\selenium\webdriver\remote\errorhandler.py", line 192, in check_response
    raise exception_class(message, screen, stacktrace)
selenium.common.exceptions.NoSuchElementException: Message: An element could not be located on the page using the given search parameters.



        </pre>
    </div>
    <!--css div popup end-->

    </td>
    <td align='center'>
    <a target="_blank" href="" title=" ">
    <img src="..\img.png" height=15 width=15 border=0 /></a>
    </td>
</tr>

<tr id='ft3.15' class='none'>
    <td class='errorCase'><div class='testcase'>test_shopGoodsDel: 删除商品</div></td>
    <td colspan='5' align='center'>

    <!--css div popup start-->
    <a class="popup_link" onfocus='this.blur();' href="javascript:showTestDetail('div_ft3.15')" >
        error</a>

    <div id='div_ft3.15' class="popup_window">
        <div style='text-align: right; color:red;cursor:pointer'>
        <a onfocus='this.blur();' onclick="document.getElementById('div_ft3.15').style.display = 'none' " >
           [x]</a>
        </div>
        <pre>
        
ft3.15: Traceback (most recent call last):
  File "G:\huipeitongUI\testcase\test3_shopping_cart.py", line 72, in test_shopGoodsDel
    '''删除商品'''
  File "G:\huipeitongUI\po\public.py", line 43, in shopCarClear
    self.shopcar.click_del_goods()
  File "G:\huipeitongUI\po\shopcarpage.py", line 68, in click_del_goods
    self.find_element(self.del_goods).click()
  File "G:\huipeitongUI\po\basepage.py", line 15, in find_element
    return self._mydriver.find_element(loc[0],loc[1])
  File "C:\python35\lib\site-packages\selenium\webdriver\remote\webdriver.py", line 752, in find_element
    'value': value})['value']
  File "C:\python35\lib\site-packages\selenium\webdriver\remote\webdriver.py", line 236, in execute
    self.error_handler.check_response(response)
  File "C:\python35\lib\site-packages\appium\webdriver\errorhandler.py", line 29, in check_response
    raise wde
  File "C:\python35\lib\site-packages\appium\webdriver\errorhandler.py", line 24, in check_response
    super(MobileErrorHandler, self).check_response(response)
  File "C:\python35\lib\site-packages\selenium\webdriver\remote\errorhandler.py", line 192, in check_response
    raise exception_class(message, screen, stacktrace)
selenium.common.exceptions.NoSuchElementException: Message: An element could not be located on the page using the given search parameters.

Traceback (most recent call last):
  File "G:\huipeitongUI\testcase\test3_shopping_cart.py", line 72, in test_shopGoodsDel
    '''删除商品'''
  File "G:\huipeitongUI\po\public.py", line 43, in shopCarClear
    self.shopcar.click_del_goods()
  File "G:\huipeitongUI\po\shopcarpage.py", line 68, in click_del_goods
    self.find_element(self.del_goods).click()
  File "G:\huipeitongUI\po\basepage.py", line 15, in find_element
    return self._mydriver.find_element(loc[0],loc[1])
  File "C:\python35\lib\site-packages\selenium\webdriver\remote\webdriver.py", line 752, in find_element
    'value': value})['value']
  File "C:\python35\lib\site-packages\selenium\webdriver\remote\webdriver.py", line 236, in execute
    self.error_handler.check_response(response)
  File "C:\python35\lib\site-packages\appium\webdriver\errorhandler.py", line 29, in check_response
    raise wde
  File "C:\python35\lib\site-packages\appium\webdriver\errorhandler.py", line 24, in check_response
    super(MobileErrorHandler, self).check_response(response)
  File "C:\python35\lib\site-packages\selenium\webdriver\remote\errorhandler.py", line 192, in check_response
    raise exception_class(message, screen, stacktrace)
selenium.common.exceptions.NoSuchElementException: Message: An element could not be located on the page using the given search parameters.



        </pre>
    </div>
    <!--css div popup end-->

    </td>
    <td align='center'>
    <a target="_blank" href="" title=" ">
    <img src="..\img.png" height=15 width=15 border=0 /></a>
    </td>
</tr>

<tr id='ft3.16' class='none'>
    <td class='errorCase'><div class='testcase'>test_shopGoodsDelone: '-'号删除商品</div></td>
    <td colspan='5' align='center'>

    <!--css div popup start-->
    <a class="popup_link" onfocus='this.blur();' href="javascript:showTestDetail('div_ft3.16')" >
        error</a>

    <div id='div_ft3.16' class="popup_window">
        <div style='text-align: right; color:red;cursor:pointer'>
        <a onfocus='this.blur();' onclick="document.getElementById('div_ft3.16').style.display = 'none' " >
           [x]</a>
        </div>
        <pre>
        
ft3.16: Traceback (most recent call last):
  File "G:\huipeitongUI\testcase\test3_shopping_cart.py", line 54, in test_shopGoodsDelone
    ''''-'号删除商品'''
  File "G:\huipeitongUI\po\public.py", line 43, in shopCarClear
    self.shopcar.click_del_goods()
  File "G:\huipeitongUI\po\shopcarpage.py", line 68, in click_del_goods
    self.find_element(self.del_goods).click()
  File "G:\huipeitongUI\po\basepage.py", line 15, in find_element
    return self._mydriver.find_element(loc[0],loc[1])
  File "C:\python35\lib\site-packages\selenium\webdriver\remote\webdriver.py", line 752, in find_element
    'value': value})['value']
  File "C:\python35\lib\site-packages\selenium\webdriver\remote\webdriver.py", line 236, in execute
    self.error_handler.check_response(response)
  File "C:\python35\lib\site-packages\appium\webdriver\errorhandler.py", line 29, in check_response
    raise wde
  File "C:\python35\lib\site-packages\appium\webdriver\errorhandler.py", line 24, in check_response
    super(MobileErrorHandler, self).check_response(response)
  File "C:\python35\lib\site-packages\selenium\webdriver\remote\errorhandler.py", line 192, in check_response
    raise exception_class(message, screen, stacktrace)
selenium.common.exceptions.NoSuchElementException: Message: An element could not be located on the page using the given search parameters.

Traceback (most recent call last):
  File "G:\huipeitongUI\testcase\test3_shopping_cart.py", line 54, in test_shopGoodsDelone
    ''''-'号删除商品'''
  File "G:\huipeitongUI\po\public.py", line 43, in shopCarClear
    self.shopcar.click_del_goods()
  File "G:\huipeitongUI\po\shopcarpage.py", line 68, in click_del_goods
    self.find_element(self.del_goods).click()
  File "G:\huipeitongUI\po\basepage.py", line 15, in find_element
    return self._mydriver.find_element(loc[0],loc[1])
  File "C:\python35\lib\site-packages\selenium\webdriver\remote\webdriver.py", line 752, in find_element
    'value': value})['value']
  File "C:\python35\lib\site-packages\selenium\webdriver\remote\webdriver.py", line 236, in execute
    self.error_handler.check_response(response)
  File "C:\python35\lib\site-packages\appium\webdriver\errorhandler.py", line 29, in check_response
    raise wde
  File "C:\python35\lib\site-packages\appium\webdriver\errorhandler.py", line 24, in check_response
    super(MobileErrorHandler, self).check_response(response)
  File "C:\python35\lib\site-packages\selenium\webdriver\remote\errorhandler.py", line 192, in check_response
    raise exception_class(message, screen, stacktrace)
selenium.common.exceptions.NoSuchElementException: Message: An element could not be located on the page using the given search parameters.



        </pre>
    </div>
    <!--css div popup end-->

    </td>
    <td align='center'>
    <a target="_blank" href="" title=" ">
    <img src="..\img.png" height=15 width=15 border=0 /></a>
    </td>
</tr>

<tr id='total_row'>
    <td>Total</td>
    <td>60</td>
    <td>22</td>
    <td>1</td>
    <td>37</td>
    <td>&nbsp;</td>
    <td>&nbsp;</td>
</tr>
</table>

<div id='ending'>&nbsp;</div>

</body>
</html>
